This file contains any messages produced by compilers while
running configure, to aid debugging if configure makes a mistake.

It was created by configure, which was
generated by GNU Autoconf 2.69.  Invocation command line was

  $ ./configure 

## --------- ##
## Platform. ##
## --------- ##

hostname = mt-opensuse.site
uname -m = x86_64
uname -r = 3.7.10-1.16-xen
uname -s = Linux
uname -v = #1 SMP Fri May 31 20:21:23 UTC 2013 (97c14ba)

/usr/bin/uname -p = x86_64
/bin/uname -X     = unknown

/bin/arch              = x86_64
/usr/bin/arch -k       = unknown
/usr/convex/getsysinfo = unknown
/usr/bin/hostinfo      = unknown
/bin/machine           = unknown
/usr/bin/oslevel       = unknown
/bin/universe          = unknown

PATH: /home/matt/perl5/bin
PATH: /home/matt/perl5/bin
PATH: /usr/lib64/mpi/gcc/openmpi/bin
PATH: /home/matt/bin
PATH: /usr/local/bin
PATH: /usr/bin
PATH: /bin
PATH: /usr/bin/X11
PATH: /usr/X11R6/bin
PATH: /usr/games
PATH: /usr/lib/mit/bin


## ----------- ##
## Core tests. ##
## ----------- ##

configure:2207: loading site script /usr/share/site/x86_64-unknown-linux-gnu
| #!/bin/sh
| # Site script for configure. It is resourced via $CONFIG_SITE environment varaible.
| 
| # If user did not specify libdir, guess the correct target:
| # Use lib64 for 64 bit bi-arch targets, keep the default for the rest.
| if test "$libdir" = '${exec_prefix}/lib' ; then
| 
| 	ac_config_site_64bit_host=NONE
| 
| 	case "$host" in
| 	"" )
| 		# User did not specify host target.
| 		# The native platform x86_64 is a bi-arch platform.
| 		# Try to detect cross-compilation to inferior architecture.
| 
| 		# We are trying to guess 32-bit target compilation. It's not as easy as
| 		# it sounds, as there is possible several intermediate combinations.
| 		ac_config_site_cross_to_32bit_host=NONE
| 
| 		# User defined -m32 in CFLAGS or CXXFLAGS:
| 		# (It's sufficient for 32-bit, but alone may cause mis-behavior of some checks.)
| 		case "$CFLAGS" in
| 		*-m32*)
| 			ac_config_site_cross_to_32bit_host=YES
| 			;;
| 		esac
| 		case "$CXXFLAGS" in
| 		*-m32*)
| 			ac_config_site_cross_to_32bit_host=YES
| 			;;
| 		esac
| 
| 		# Running with linux32:
| 		# (Changes detected platform, but not the toolchain target.)
| 		case "`/bin/uname -i`" in
| 		x86_64 | ppc64 | s390x )
| 			;;
| 		* )
| 			ac_config_site_cross_to_32bit_host=YES
| 			;;
| 		esac
| 
| 		if test "x$ac_config_site_cross_to_32bit_host" = xNONE; then
| 			ac_config_site_64bit_host=YES
| 		fi
| 
| 		;;
| 	*x86_64* | *ppc64* | *s390x* )
| 		ac_config_site_64bit_host=YES
| 		;;
| 	esac
| 
| 	if test "x$ac_config_site_64bit_host" = xYES; then
| 		libdir='${exec_prefix}/lib64'
| 	fi
| fi
| 
| # If user did not specify libexecdir, set the correct target:
| # Nor FHS nor openSUSE allow prefix/libexec. Let's default to prefix/lib.
| 
| if test "$libexecdir" = '${exec_prefix}/libexec' ; then
| 	libexecdir='${exec_prefix}/lib'
| fi
| 
| # Continue with the standard behavior of configure defined in AC_SITE_LOAD:
| if test "x$prefix" != xNONE; then
| 	ac_site_file1=$prefix/share/config.site
| 	ac_site_file2=$prefix/etc/config.site
| else
| 	ac_site_file1=$ac_default_prefix/share/config.site
| 	ac_site_file2=$ac_default_prefix/etc/config.site
| fi
| for ac_site_file in "$ac_site_file1" "$ac_site_file2"
| do
| 	test "x$ac_site_file" = xNONE && continue
| 	if test /dev/null != "$ac_site_file" && test -r "$ac_site_file"; then
| 		{ $as_echo "/usr/share/site/x86_64-unknown-linux-gnu:${as_lineno-$LINENO}: loading site script $ac_site_file" >&5
| $as_echo "/usr/share/site/x86_64-unknown-linux-gnu: loading site script $ac_site_file" >&6;}
| 		sed 's/^/| /' "$ac_site_file" >&5
| 		. "$ac_site_file" \
| 			|| { { $as_echo "/usr/share/site/x86_64-unknown-linux-gnu:${as_lineno-$LINENO}: error: in \`$ac_pwd':" >&5
| $as_echo "/usr/share/site/x86_64-unknown-linux-gnu: error: in \`$ac_pwd':" >&2;}
| as_fn_error $? "failed to load site script $ac_site_file
| See \`config.log' for more details" "$LINENO" 5; }
| 	fi
| done
configure:2337: checking build system type
configure:2351: result: x86_64-unknown-linux-gnu
configure:2371: checking host system type
configure:2384: result: x86_64-unknown-linux-gnu
configure:2404: checking target system type
configure:2417: result: x86_64-unknown-linux-gnu
configure:2565: checking for gcc
configure:2581: found /usr/bin/gcc
configure:2592: result: gcc
configure:2821: checking for C compiler version
configure:2830: gcc --version >&5
gcc (SUSE Linux) 4.7.2 20130108 [gcc-4_7-branch revision 195012]
Copyright (C) 2012 Free Software Foundation, Inc.
This is free software; see the source for copying conditions.  There is NO
warranty; not even for MERCHANTABILITY or FITNESS FOR A PARTICULAR PURPOSE.

configure:2841: $? = 0
configure:2830: gcc -v >&5
Using built-in specs.
COLLECT_GCC=gcc
COLLECT_LTO_WRAPPER=/usr/lib64/gcc/x86_64-suse-linux/4.7/lto-wrapper
Target: x86_64-suse-linux
Configured with: ../configure --prefix=/usr --infodir=/usr/share/info --mandir=/usr/share/man --libdir=/usr/lib64 --libexecdir=/usr/lib64 --enable-languages=c,c++,objc,fortran,obj-c++,java,ada --enable-checking=release --with-gxx-include-dir=/usr/include/c++/4.7 --enable-ssp --disable-libssp --disable-libitm --disable-plugin --with-bugurl=http://bugs.opensuse.org/ --with-pkgversion='SUSE Linux' --disable-libgcj --disable-libmudflap --with-slibdir=/lib64 --with-system-zlib --enable-__cxa_atexit --enable-libstdcxx-allocator=new --disable-libstdcxx-pch --enable-version-specific-runtime-libs --enable-linker-build-id --program-suffix=-4.7 --enable-linux-futex --without-system-libunwind --with-arch-32=i586 --with-tune=generic --build=x86_64-suse-linux
Thread model: posix
gcc version 4.7.2 20130108 [gcc-4_7-branch revision 195012] (SUSE Linux) 
configure:2841: $? = 0
configure:2830: gcc -V >&5
gcc: error: unrecognized command line option '-V'
gcc: fatal error: no input files
compilation terminated.
configure:2841: $? = 1
configure:2830: gcc -qversion >&5
gcc: error: unrecognized command line option '-qversion'
gcc: fatal error: no input files
compilation terminated.
configure:2841: $? = 1
configure:2861: checking whether the C compiler works
configure:2883: gcc    conftest.c  >&5
configure:2887: $? = 0
configure:2935: result: yes
configure:2938: checking for C compiler default output file name
configure:2940: result: a.out
configure:2946: checking for suffix of executables
configure:2953: gcc -o conftest    conftest.c  >&5
configure:2957: $? = 0
configure:2979: result: 
configure:3001: checking whether we are cross compiling
configure:3009: gcc -o conftest    conftest.c  >&5
configure:3013: $? = 0
configure:3020: ./conftest
configure:3024: $? = 0
configure:3039: result: no
configure:3044: checking for suffix of object files
configure:3066: gcc -c   conftest.c >&5
configure:3070: $? = 0
configure:3091: result: o
configure:3095: checking whether we are using the GNU C compiler
configure:3114: gcc -c   conftest.c >&5
configure:3114: $? = 0
configure:3123: result: yes
configure:3132: checking whether gcc accepts -g
configure:3152: gcc -c -g  conftest.c >&5
configure:3152: $? = 0
configure:3193: result: yes
configure:3210: checking for gcc option to accept ISO C89
configure:3273: gcc  -c -g -O2  conftest.c >&5
configure:3273: $? = 0
configure:3286: result: none needed
configure:3589: checking for inline
configure:3625: gcc -c  -fpic  conftest.c >&5
configure:3625: $? = 0
configure:3640: result: inline
configure:3652: checking for __attribute__
configure:3679: gcc -c -g -O2  conftest.c >&5
configure:3679: $? = 0
configure:3698: result: yes
configure:3703: checking whether __attribute__((unused)) can be used without warnings
configure:3726: gcc -c -g -O2 -Werror  conftest.c >&5
configure:3726: $? = 0
configure:3740: result: yes
configure:3744: checking whether __attribute__((format)) can be used without warnings
configure:3768: gcc -c -g -O2 -Werror  conftest.c >&5
configure:3768: $? = 0
configure:3782: result: yes
configure:3792: checking how to run the C preprocessor
configure:3823: gcc -E  conftest.c
configure:3823: $? = 0
configure:3837: gcc -E  conftest.c
conftest.c:12:28: fatal error: ac_nonexistent.h: No such file or directory
compilation terminated.
configure:3837: $? = 1
configure: failed program was:
| /* confdefs.h */
| #define PACKAGE_NAME ""
| #define PACKAGE_TARNAME ""
| #define PACKAGE_VERSION ""
| #define PACKAGE_STRING ""
| #define PACKAGE_BUGREPORT ""
| #define PACKAGE_URL ""
| #define inline inline
| #define HAVE___ATTRIBUTE__ 1
| #define __ATTRIBUTE___FORMAT_OK 1
| /* end confdefs.h.  */
| #include <ac_nonexistent.h>
configure:3862: result: gcc -E
configure:3882: gcc -E  conftest.c
configure:3882: $? = 0
configure:3896: gcc -E  conftest.c
conftest.c:12:28: fatal error: ac_nonexistent.h: No such file or directory
compilation terminated.
configure:3896: $? = 1
configure: failed program was:
| /* confdefs.h */
| #define PACKAGE_NAME ""
| #define PACKAGE_TARNAME ""
| #define PACKAGE_VERSION ""
| #define PACKAGE_STRING ""
| #define PACKAGE_BUGREPORT ""
| #define PACKAGE_URL ""
| #define inline inline
| #define HAVE___ATTRIBUTE__ 1
| #define __ATTRIBUTE___FORMAT_OK 1
| /* end confdefs.h.  */
| #include <ac_nonexistent.h>
configure:3925: checking for grep that handles long lines and -e
configure:3983: result: /usr/bin/grep
configure:3988: checking for egrep
configure:4050: result: /usr/bin/grep -E
configure:4055: checking for ANSI C header files
configure:4075: gcc -c -g -O2  conftest.c >&5
configure:4075: $? = 0
configure:4148: gcc -o conftest -g -O2   conftest.c  >&5
configure:4148: $? = 0
configure:4148: ./conftest
configure:4148: $? = 0
configure:4159: result: yes
configure:4172: checking for sys/types.h
configure:4172: gcc -c -g -O2  conftest.c >&5
configure:4172: $? = 0
configure:4172: result: yes
configure:4172: checking for sys/stat.h
configure:4172: gcc -c -g -O2  conftest.c >&5
configure:4172: $? = 0
configure:4172: result: yes
configure:4172: checking for stdlib.h
configure:4172: gcc -c -g -O2  conftest.c >&5
configure:4172: $? = 0
configure:4172: result: yes
configure:4172: checking for string.h
configure:4172: gcc -c -g -O2  conftest.c >&5
configure:4172: $? = 0
configure:4172: result: yes
configure:4172: checking for memory.h
configure:4172: gcc -c -g -O2  conftest.c >&5
configure:4172: $? = 0
configure:4172: result: yes
configure:4172: checking for strings.h
configure:4172: gcc -c -g -O2  conftest.c >&5
configure:4172: $? = 0
configure:4172: result: yes
configure:4172: checking for inttypes.h
configure:4172: gcc -c -g -O2  conftest.c >&5
configure:4172: $? = 0
configure:4172: result: yes
configure:4172: checking for stdint.h
configure:4172: gcc -c -g -O2  conftest.c >&5
configure:4172: $? = 0
configure:4172: result: yes
configure:4172: checking for unistd.h
configure:4172: gcc -c -g -O2  conftest.c >&5
configure:4172: $? = 0
configure:4172: result: yes
configure:4186: checking sys/bitypes.h usability
configure:4186: gcc -c -g -O2  conftest.c >&5
configure:4186: $? = 0
configure:4186: result: yes
configure:4186: checking sys/bitypes.h presence
configure:4186: gcc -E  conftest.c
configure:4186: $? = 0
configure:4186: result: yes
configure:4186: checking for sys/bitypes.h
configure:4186: result: yes
configure:4197: checking for int8_t
configure:4197: gcc -c -g -O2  conftest.c >&5
configure:4197: $? = 0
configure:4197: gcc -c -g -O2  conftest.c >&5
conftest.c: In function 'main':
conftest.c:63:21: error: expected expression before ')' token
configure:4197: $? = 1
configure: failed program was:
| /* confdefs.h */
| #define PACKAGE_NAME ""
| #define PACKAGE_TARNAME ""
| #define PACKAGE_VERSION ""
| #define PACKAGE_STRING ""
| #define PACKAGE_BUGREPORT ""
| #define PACKAGE_URL ""
| #define inline inline
| #define HAVE___ATTRIBUTE__ 1
| #define __ATTRIBUTE___FORMAT_OK 1
| #define STDC_HEADERS 1
| #define HAVE_SYS_TYPES_H 1
| #define HAVE_SYS_STAT_H 1
| #define HAVE_STDLIB_H 1
| #define HAVE_STRING_H 1
| #define HAVE_MEMORY_H 1
| #define HAVE_STRINGS_H 1
| #define HAVE_INTTYPES_H 1
| #define HAVE_STDINT_H 1
| #define HAVE_UNISTD_H 1
| #define HAVE_SYS_BITYPES_H 1
| /* end confdefs.h.  */
| #include <stdio.h>
| #ifdef HAVE_SYS_TYPES_H
| # include <sys/types.h>
| #endif
| #ifdef HAVE_SYS_STAT_H
| # include <sys/stat.h>
| #endif
| #ifdef STDC_HEADERS
| # include <stdlib.h>
| # include <stddef.h>
| #else
| # ifdef HAVE_STDLIB_H
| #  include <stdlib.h>
| # endif
| #endif
| #ifdef HAVE_STRING_H
| # if !defined STDC_HEADERS && defined HAVE_MEMORY_H
| #  include <memory.h>
| # endif
| # include <string.h>
| #endif
| #ifdef HAVE_STRINGS_H
| # include <strings.h>
| #endif
| #ifdef HAVE_INTTYPES_H
| # include <inttypes.h>
| #endif
| #ifdef HAVE_STDINT_H
| # include <stdint.h>
| #endif
| #ifdef HAVE_UNISTD_H
| # include <unistd.h>
| #endif
| #ifdef HAVE_SYS_BITYPES_H
| #include <sys/bitypes.h>
| #endif
| 
| int
| main ()
| {
| if (sizeof ((int8_t)))
| 	    return 0;
|   ;
|   return 0;
| }
configure:4197: result: yes
configure:4210: checking for u_int8_t
configure:4210: gcc -c -g -O2  conftest.c >&5
configure:4210: $? = 0
configure:4210: gcc -c -g -O2  conftest.c >&5
conftest.c: In function 'main':
conftest.c:63:23: error: expected expression before ')' token
configure:4210: $? = 1
configure: failed program was:
| /* confdefs.h */
| #define PACKAGE_NAME ""
| #define PACKAGE_TARNAME ""
| #define PACKAGE_VERSION ""
| #define PACKAGE_STRING ""
| #define PACKAGE_BUGREPORT ""
| #define PACKAGE_URL ""
| #define inline inline
| #define HAVE___ATTRIBUTE__ 1
| #define __ATTRIBUTE___FORMAT_OK 1
| #define STDC_HEADERS 1
| #define HAVE_SYS_TYPES_H 1
| #define HAVE_SYS_STAT_H 1
| #define HAVE_STDLIB_H 1
| #define HAVE_STRING_H 1
| #define HAVE_MEMORY_H 1
| #define HAVE_STRINGS_H 1
| #define HAVE_INTTYPES_H 1
| #define HAVE_STDINT_H 1
| #define HAVE_UNISTD_H 1
| #define HAVE_SYS_BITYPES_H 1
| /* end confdefs.h.  */
| #include <stdio.h>
| #ifdef HAVE_SYS_TYPES_H
| # include <sys/types.h>
| #endif
| #ifdef HAVE_SYS_STAT_H
| # include <sys/stat.h>
| #endif
| #ifdef STDC_HEADERS
| # include <stdlib.h>
| # include <stddef.h>
| #else
| # ifdef HAVE_STDLIB_H
| #  include <stdlib.h>
| # endif
| #endif
| #ifdef HAVE_STRING_H
| # if !defined STDC_HEADERS && defined HAVE_MEMORY_H
| #  include <memory.h>
| # endif
| # include <string.h>
| #endif
| #ifdef HAVE_STRINGS_H
| # include <strings.h>
| #endif
| #ifdef HAVE_INTTYPES_H
| # include <inttypes.h>
| #endif
| #ifdef HAVE_STDINT_H
| # include <stdint.h>
| #endif
| #ifdef HAVE_UNISTD_H
| # include <unistd.h>
| #endif
| #ifdef HAVE_SYS_BITYPES_H
| #include <sys/bitypes.h>
| #endif
| 
| int
| main ()
| {
| if (sizeof ((u_int8_t)))
| 	    return 0;
|   ;
|   return 0;
| }
configure:4210: result: yes
configure:4223: checking for int16_t
configure:4223: gcc -c -g -O2  conftest.c >&5
configure:4223: $? = 0
configure:4223: gcc -c -g -O2  conftest.c >&5
conftest.c: In function 'main':
conftest.c:59:22: error: expected expression before ')' token
configure:4223: $? = 1
configure: failed program was:
| /* confdefs.h */
| #define PACKAGE_NAME ""
| #define PACKAGE_TARNAME ""
| #define PACKAGE_VERSION ""
| #define PACKAGE_STRING ""
| #define PACKAGE_BUGREPORT ""
| #define PACKAGE_URL ""
| #define inline inline
| #define HAVE___ATTRIBUTE__ 1
| #define __ATTRIBUTE___FORMAT_OK 1
| #define STDC_HEADERS 1
| #define HAVE_SYS_TYPES_H 1
| #define HAVE_SYS_STAT_H 1
| #define HAVE_STDLIB_H 1
| #define HAVE_STRING_H 1
| #define HAVE_MEMORY_H 1
| #define HAVE_STRINGS_H 1
| #define HAVE_INTTYPES_H 1
| #define HAVE_STDINT_H 1
| #define HAVE_UNISTD_H 1
| #define HAVE_SYS_BITYPES_H 1
| /* end confdefs.h.  */
| #include <stdio.h>
| #ifdef HAVE_SYS_TYPES_H
| # include <sys/types.h>
| #endif
| #ifdef HAVE_SYS_STAT_H
| # include <sys/stat.h>
| #endif
| #ifdef STDC_HEADERS
| # include <stdlib.h>
| # include <stddef.h>
| #else
| # ifdef HAVE_STDLIB_H
| #  include <stdlib.h>
| # endif
| #endif
| #ifdef HAVE_STRING_H
| # if !defined STDC_HEADERS && defined HAVE_MEMORY_H
| #  include <memory.h>
| # endif
| # include <string.h>
| #endif
| #ifdef HAVE_STRINGS_H
| # include <strings.h>
| #endif
| #ifdef HAVE_INTTYPES_H
| # include <inttypes.h>
| #endif
| #ifdef HAVE_STDINT_H
| # include <stdint.h>
| #endif
| #ifdef HAVE_UNISTD_H
| # include <unistd.h>
| #endif
| int
| main ()
| {
| if (sizeof ((int16_t)))
| 	    return 0;
|   ;
|   return 0;
| }
configure:4223: result: yes
configure:4236: checking for u_int16_t
configure:4236: gcc -c -g -O2  conftest.c >&5
configure:4236: $? = 0
configure:4236: gcc -c -g -O2  conftest.c >&5
conftest.c: In function 'main':
conftest.c:63:24: error: expected expression before ')' token
configure:4236: $? = 1
configure: failed program was:
| /* confdefs.h */
| #define PACKAGE_NAME ""
| #define PACKAGE_TARNAME ""
| #define PACKAGE_VERSION ""
| #define PACKAGE_STRING ""
| #define PACKAGE_BUGREPORT ""
| #define PACKAGE_URL ""
| #define inline inline
| #define HAVE___ATTRIBUTE__ 1
| #define __ATTRIBUTE___FORMAT_OK 1
| #define STDC_HEADERS 1
| #define HAVE_SYS_TYPES_H 1
| #define HAVE_SYS_STAT_H 1
| #define HAVE_STDLIB_H 1
| #define HAVE_STRING_H 1
| #define HAVE_MEMORY_H 1
| #define HAVE_STRINGS_H 1
| #define HAVE_INTTYPES_H 1
| #define HAVE_STDINT_H 1
| #define HAVE_UNISTD_H 1
| #define HAVE_SYS_BITYPES_H 1
| /* end confdefs.h.  */
| #include <stdio.h>
| #ifdef HAVE_SYS_TYPES_H
| # include <sys/types.h>
| #endif
| #ifdef HAVE_SYS_STAT_H
| # include <sys/stat.h>
| #endif
| #ifdef STDC_HEADERS
| # include <stdlib.h>
| # include <stddef.h>
| #else
| # ifdef HAVE_STDLIB_H
| #  include <stdlib.h>
| # endif
| #endif
| #ifdef HAVE_STRING_H
| # if !defined STDC_HEADERS && defined HAVE_MEMORY_H
| #  include <memory.h>
| # endif
| # include <string.h>
| #endif
| #ifdef HAVE_STRINGS_H
| # include <strings.h>
| #endif
| #ifdef HAVE_INTTYPES_H
| # include <inttypes.h>
| #endif
| #ifdef HAVE_STDINT_H
| # include <stdint.h>
| #endif
| #ifdef HAVE_UNISTD_H
| # include <unistd.h>
| #endif
| #ifdef HAVE_SYS_BITYPES_H
| #include <sys/bitypes.h>
| #endif
| 
| int
| main ()
| {
| if (sizeof ((u_int16_t)))
| 	    return 0;
|   ;
|   return 0;
| }
configure:4236: result: yes
configure:4249: checking for int32_t
configure:4249: gcc -c -g -O2  conftest.c >&5
configure:4249: $? = 0
configure:4249: gcc -c -g -O2  conftest.c >&5
conftest.c: In function 'main':
conftest.c:63:22: error: expected expression before ')' token
configure:4249: $? = 1
configure: failed program was:
| /* confdefs.h */
| #define PACKAGE_NAME ""
| #define PACKAGE_TARNAME ""
| #define PACKAGE_VERSION ""
| #define PACKAGE_STRING ""
| #define PACKAGE_BUGREPORT ""
| #define PACKAGE_URL ""
| #define inline inline
| #define HAVE___ATTRIBUTE__ 1
| #define __ATTRIBUTE___FORMAT_OK 1
| #define STDC_HEADERS 1
| #define HAVE_SYS_TYPES_H 1
| #define HAVE_SYS_STAT_H 1
| #define HAVE_STDLIB_H 1
| #define HAVE_STRING_H 1
| #define HAVE_MEMORY_H 1
| #define HAVE_STRINGS_H 1
| #define HAVE_INTTYPES_H 1
| #define HAVE_STDINT_H 1
| #define HAVE_UNISTD_H 1
| #define HAVE_SYS_BITYPES_H 1
| /* end confdefs.h.  */
| #include <stdio.h>
| #ifdef HAVE_SYS_TYPES_H
| # include <sys/types.h>
| #endif
| #ifdef HAVE_SYS_STAT_H
| # include <sys/stat.h>
| #endif
| #ifdef STDC_HEADERS
| # include <stdlib.h>
| # include <stddef.h>
| #else
| # ifdef HAVE_STDLIB_H
| #  include <stdlib.h>
| # endif
| #endif
| #ifdef HAVE_STRING_H
| # if !defined STDC_HEADERS && defined HAVE_MEMORY_H
| #  include <memory.h>
| # endif
| # include <string.h>
| #endif
| #ifdef HAVE_STRINGS_H
| # include <strings.h>
| #endif
| #ifdef HAVE_INTTYPES_H
| # include <inttypes.h>
| #endif
| #ifdef HAVE_STDINT_H
| # include <stdint.h>
| #endif
| #ifdef HAVE_UNISTD_H
| # include <unistd.h>
| #endif
| #ifdef HAVE_SYS_BITYPES_H
| #include <sys/bitypes.h>
| #endif
| 
| int
| main ()
| {
| if (sizeof ((int32_t)))
| 	    return 0;
|   ;
|   return 0;
| }
configure:4249: result: yes
configure:4262: checking for u_int32_t
configure:4262: gcc -c -g -O2  conftest.c >&5
configure:4262: $? = 0
configure:4262: gcc -c -g -O2  conftest.c >&5
conftest.c: In function 'main':
conftest.c:63:24: error: expected expression before ')' token
configure:4262: $? = 1
configure: failed program was:
| /* confdefs.h */
| #define PACKAGE_NAME ""
| #define PACKAGE_TARNAME ""
| #define PACKAGE_VERSION ""
| #define PACKAGE_STRING ""
| #define PACKAGE_BUGREPORT ""
| #define PACKAGE_URL ""
| #define inline inline
| #define HAVE___ATTRIBUTE__ 1
| #define __ATTRIBUTE___FORMAT_OK 1
| #define STDC_HEADERS 1
| #define HAVE_SYS_TYPES_H 1
| #define HAVE_SYS_STAT_H 1
| #define HAVE_STDLIB_H 1
| #define HAVE_STRING_H 1
| #define HAVE_MEMORY_H 1
| #define HAVE_STRINGS_H 1
| #define HAVE_INTTYPES_H 1
| #define HAVE_STDINT_H 1
| #define HAVE_UNISTD_H 1
| #define HAVE_SYS_BITYPES_H 1
| /* end confdefs.h.  */
| #include <stdio.h>
| #ifdef HAVE_SYS_TYPES_H
| # include <sys/types.h>
| #endif
| #ifdef HAVE_SYS_STAT_H
| # include <sys/stat.h>
| #endif
| #ifdef STDC_HEADERS
| # include <stdlib.h>
| # include <stddef.h>
| #else
| # ifdef HAVE_STDLIB_H
| #  include <stdlib.h>
| # endif
| #endif
| #ifdef HAVE_STRING_H
| # if !defined STDC_HEADERS && defined HAVE_MEMORY_H
| #  include <memory.h>
| # endif
| # include <string.h>
| #endif
| #ifdef HAVE_STRINGS_H
| # include <strings.h>
| #endif
| #ifdef HAVE_INTTYPES_H
| # include <inttypes.h>
| #endif
| #ifdef HAVE_STDINT_H
| # include <stdint.h>
| #endif
| #ifdef HAVE_UNISTD_H
| # include <unistd.h>
| #endif
| #ifdef HAVE_SYS_BITYPES_H
| #include <sys/bitypes.h>
| #endif
| 
| int
| main ()
| {
| if (sizeof ((u_int32_t)))
| 	    return 0;
|   ;
|   return 0;
| }
configure:4262: result: yes
configure:4275: checking for int64_t
configure:4275: gcc -c -g -O2  conftest.c >&5
configure:4275: $? = 0
configure:4275: gcc -c -g -O2  conftest.c >&5
conftest.c: In function 'main':
conftest.c:63:22: error: expected expression before ')' token
configure:4275: $? = 1
configure: failed program was:
| /* confdefs.h */
| #define PACKAGE_NAME ""
| #define PACKAGE_TARNAME ""
| #define PACKAGE_VERSION ""
| #define PACKAGE_STRING ""
| #define PACKAGE_BUGREPORT ""
| #define PACKAGE_URL ""
| #define inline inline
| #define HAVE___ATTRIBUTE__ 1
| #define __ATTRIBUTE___FORMAT_OK 1
| #define STDC_HEADERS 1
| #define HAVE_SYS_TYPES_H 1
| #define HAVE_SYS_STAT_H 1
| #define HAVE_STDLIB_H 1
| #define HAVE_STRING_H 1
| #define HAVE_MEMORY_H 1
| #define HAVE_STRINGS_H 1
| #define HAVE_INTTYPES_H 1
| #define HAVE_STDINT_H 1
| #define HAVE_UNISTD_H 1
| #define HAVE_SYS_BITYPES_H 1
| /* end confdefs.h.  */
| #include <stdio.h>
| #ifdef HAVE_SYS_TYPES_H
| # include <sys/types.h>
| #endif
| #ifdef HAVE_SYS_STAT_H
| # include <sys/stat.h>
| #endif
| #ifdef STDC_HEADERS
| # include <stdlib.h>
| # include <stddef.h>
| #else
| # ifdef HAVE_STDLIB_H
| #  include <stdlib.h>
| # endif
| #endif
| #ifdef HAVE_STRING_H
| # if !defined STDC_HEADERS && defined HAVE_MEMORY_H
| #  include <memory.h>
| # endif
| # include <string.h>
| #endif
| #ifdef HAVE_STRINGS_H
| # include <strings.h>
| #endif
| #ifdef HAVE_INTTYPES_H
| # include <inttypes.h>
| #endif
| #ifdef HAVE_STDINT_H
| # include <stdint.h>
| #endif
| #ifdef HAVE_UNISTD_H
| # include <unistd.h>
| #endif
| #ifdef HAVE_SYS_BITYPES_H
| #include <sys/bitypes.h>
| #endif
| 
| int
| main ()
| {
| if (sizeof ((int64_t)))
| 	    return 0;
|   ;
|   return 0;
| }
configure:4275: result: yes
configure:4288: checking for u_int64_t
configure:4288: gcc -c -g -O2  conftest.c >&5
configure:4288: $? = 0
configure:4288: gcc -c -g -O2  conftest.c >&5
conftest.c: In function 'main':
conftest.c:63:24: error: expected expression before ')' token
configure:4288: $? = 1
configure: failed program was:
| /* confdefs.h */
| #define PACKAGE_NAME ""
| #define PACKAGE_TARNAME ""
| #define PACKAGE_VERSION ""
| #define PACKAGE_STRING ""
| #define PACKAGE_BUGREPORT ""
| #define PACKAGE_URL ""
| #define inline inline
| #define HAVE___ATTRIBUTE__ 1
| #define __ATTRIBUTE___FORMAT_OK 1
| #define STDC_HEADERS 1
| #define HAVE_SYS_TYPES_H 1
| #define HAVE_SYS_STAT_H 1
| #define HAVE_STDLIB_H 1
| #define HAVE_STRING_H 1
| #define HAVE_MEMORY_H 1
| #define HAVE_STRINGS_H 1
| #define HAVE_INTTYPES_H 1
| #define HAVE_STDINT_H 1
| #define HAVE_UNISTD_H 1
| #define HAVE_SYS_BITYPES_H 1
| /* end confdefs.h.  */
| #include <stdio.h>
| #ifdef HAVE_SYS_TYPES_H
| # include <sys/types.h>
| #endif
| #ifdef HAVE_SYS_STAT_H
| # include <sys/stat.h>
| #endif
| #ifdef STDC_HEADERS
| # include <stdlib.h>
| # include <stddef.h>
| #else
| # ifdef HAVE_STDLIB_H
| #  include <stdlib.h>
| # endif
| #endif
| #ifdef HAVE_STRING_H
| # if !defined STDC_HEADERS && defined HAVE_MEMORY_H
| #  include <memory.h>
| # endif
| # include <string.h>
| #endif
| #ifdef HAVE_STRINGS_H
| # include <strings.h>
| #endif
| #ifdef HAVE_INTTYPES_H
| # include <inttypes.h>
| #endif
| #ifdef HAVE_STDINT_H
| # include <stdint.h>
| #endif
| #ifdef HAVE_UNISTD_H
| # include <unistd.h>
| #endif
| #ifdef HAVE_SYS_BITYPES_H
| #include <sys/bitypes.h>
| #endif
| 
| int
| main ()
| {
| if (sizeof ((u_int64_t)))
| 	    return 0;
|   ;
|   return 0;
| }
configure:4288: result: yes
configure:4312: checking for special C compiler options needed for large files
configure:4357: result: no
configure:4363: checking for _FILE_OFFSET_BITS value needed for large files
configure:4388: gcc -c -g -O2  conftest.c >&5
configure:4388: $? = 0
configure:4420: result: no
configure:4505: checking for _LARGEFILE_SOURCE value needed for large files
configure:4524: gcc -o conftest -g -O2   conftest.c  >&5
configure:4524: $? = 0
configure:4552: result: no
configure:4577: checking sys/ioccom.h usability
configure:4577: gcc -c -g -O2  conftest.c >&5
conftest.c:57:24: fatal error: sys/ioccom.h: No such file or directory
compilation terminated.
configure:4577: $? = 1
configure: failed program was:
| /* confdefs.h */
| #define PACKAGE_NAME ""
| #define PACKAGE_TARNAME ""
| #define PACKAGE_VERSION ""
| #define PACKAGE_STRING ""
| #define PACKAGE_BUGREPORT ""
| #define PACKAGE_URL ""
| #define inline inline
| #define HAVE___ATTRIBUTE__ 1
| #define __ATTRIBUTE___FORMAT_OK 1
| #define STDC_HEADERS 1
| #define HAVE_SYS_TYPES_H 1
| #define HAVE_SYS_STAT_H 1
| #define HAVE_STDLIB_H 1
| #define HAVE_STRING_H 1
| #define HAVE_MEMORY_H 1
| #define HAVE_STRINGS_H 1
| #define HAVE_INTTYPES_H 1
| #define HAVE_STDINT_H 1
| #define HAVE_UNISTD_H 1
| #define HAVE_SYS_BITYPES_H 1
| #define HAVE_FSEEKO 1
| /* end confdefs.h.  */
| #include <stdio.h>
| #ifdef HAVE_SYS_TYPES_H
| # include <sys/types.h>
| #endif
| #ifdef HAVE_SYS_STAT_H
| # include <sys/stat.h>
| #endif
| #ifdef STDC_HEADERS
| # include <stdlib.h>
| # include <stddef.h>
| #else
| # ifdef HAVE_STDLIB_H
| #  include <stdlib.h>
| # endif
| #endif
| #ifdef HAVE_STRING_H
| # if !defined STDC_HEADERS && defined HAVE_MEMORY_H
| #  include <memory.h>
| # endif
| # include <string.h>
| #endif
| #ifdef HAVE_STRINGS_H
| # include <strings.h>
| #endif
| #ifdef HAVE_INTTYPES_H
| # include <inttypes.h>
| #endif
| #ifdef HAVE_STDINT_H
| # include <stdint.h>
| #endif
| #ifdef HAVE_UNISTD_H
| # include <unistd.h>
| #endif
| #include <sys/ioccom.h>
configure:4577: result: no
configure:4577: checking sys/ioccom.h presence
configure:4577: gcc -E  conftest.c
conftest.c:24:24: fatal error: sys/ioccom.h: No such file or directory
compilation terminated.
configure:4577: $? = 1
configure: failed program was:
| /* confdefs.h */
| #define PACKAGE_NAME ""
| #define PACKAGE_TARNAME ""
| #define PACKAGE_VERSION ""
| #define PACKAGE_STRING ""
| #define PACKAGE_BUGREPORT ""
| #define PACKAGE_URL ""
| #define inline inline
| #define HAVE___ATTRIBUTE__ 1
| #define __ATTRIBUTE___FORMAT_OK 1
| #define STDC_HEADERS 1
| #define HAVE_SYS_TYPES_H 1
| #define HAVE_SYS_STAT_H 1
| #define HAVE_STDLIB_H 1
| #define HAVE_STRING_H 1
| #define HAVE_MEMORY_H 1
| #define HAVE_STRINGS_H 1
| #define HAVE_INTTYPES_H 1
| #define HAVE_STDINT_H 1
| #define HAVE_UNISTD_H 1
| #define HAVE_SYS_BITYPES_H 1
| #define HAVE_FSEEKO 1
| /* end confdefs.h.  */
| #include <sys/ioccom.h>
configure:4577: result: no
configure:4577: checking for sys/ioccom.h
configure:4577: result: no
configure:4577: checking sys/sockio.h usability
configure:4577: gcc -c -g -O2  conftest.c >&5
conftest.c:57:24: fatal error: sys/sockio.h: No such file or directory
compilation terminated.
configure:4577: $? = 1
configure: failed program was:
| /* confdefs.h */
| #define PACKAGE_NAME ""
| #define PACKAGE_TARNAME ""
| #define PACKAGE_VERSION ""
| #define PACKAGE_STRING ""
| #define PACKAGE_BUGREPORT ""
| #define PACKAGE_URL ""
| #define inline inline
| #define HAVE___ATTRIBUTE__ 1
| #define __ATTRIBUTE___FORMAT_OK 1
| #define STDC_HEADERS 1
| #define HAVE_SYS_TYPES_H 1
| #define HAVE_SYS_STAT_H 1
| #define HAVE_STDLIB_H 1
| #define HAVE_STRING_H 1
| #define HAVE_MEMORY_H 1
| #define HAVE_STRINGS_H 1
| #define HAVE_INTTYPES_H 1
| #define HAVE_STDINT_H 1
| #define HAVE_UNISTD_H 1
| #define HAVE_SYS_BITYPES_H 1
| #define HAVE_FSEEKO 1
| /* end confdefs.h.  */
| #include <stdio.h>
| #ifdef HAVE_SYS_TYPES_H
| # include <sys/types.h>
| #endif
| #ifdef HAVE_SYS_STAT_H
| # include <sys/stat.h>
| #endif
| #ifdef STDC_HEADERS
| # include <stdlib.h>
| # include <stddef.h>
| #else
| # ifdef HAVE_STDLIB_H
| #  include <stdlib.h>
| # endif
| #endif
| #ifdef HAVE_STRING_H
| # if !defined STDC_HEADERS && defined HAVE_MEMORY_H
| #  include <memory.h>
| # endif
| # include <string.h>
| #endif
| #ifdef HAVE_STRINGS_H
| # include <strings.h>
| #endif
| #ifdef HAVE_INTTYPES_H
| # include <inttypes.h>
| #endif
| #ifdef HAVE_STDINT_H
| # include <stdint.h>
| #endif
| #ifdef HAVE_UNISTD_H
| # include <unistd.h>
| #endif
| #include <sys/sockio.h>
configure:4577: result: no
configure:4577: checking sys/sockio.h presence
configure:4577: gcc -E  conftest.c
conftest.c:24:24: fatal error: sys/sockio.h: No such file or directory
compilation terminated.
configure:4577: $? = 1
configure: failed program was:
| /* confdefs.h */
| #define PACKAGE_NAME ""
| #define PACKAGE_TARNAME ""
| #define PACKAGE_VERSION ""
| #define PACKAGE_STRING ""
| #define PACKAGE_BUGREPORT ""
| #define PACKAGE_URL ""
| #define inline inline
| #define HAVE___ATTRIBUTE__ 1
| #define __ATTRIBUTE___FORMAT_OK 1
| #define STDC_HEADERS 1
| #define HAVE_SYS_TYPES_H 1
| #define HAVE_SYS_STAT_H 1
| #define HAVE_STDLIB_H 1
| #define HAVE_STRING_H 1
| #define HAVE_MEMORY_H 1
| #define HAVE_STRINGS_H 1
| #define HAVE_INTTYPES_H 1
| #define HAVE_STDINT_H 1
| #define HAVE_UNISTD_H 1
| #define HAVE_SYS_BITYPES_H 1
| #define HAVE_FSEEKO 1
| /* end confdefs.h.  */
| #include <sys/sockio.h>
configure:4577: result: no
configure:4577: checking for sys/sockio.h
configure:4577: result: no
configure:4577: checking limits.h usability
configure:4577: gcc -c -g -O2  conftest.c >&5
configure:4577: $? = 0
configure:4577: result: yes
configure:4577: checking limits.h presence
configure:4577: gcc -E  conftest.c
configure:4577: $? = 0
configure:4577: result: yes
configure:4577: checking for limits.h
configure:4577: result: yes
configure:4577: checking paths.h usability
configure:4577: gcc -c -g -O2  conftest.c >&5
configure:4577: $? = 0
configure:4577: result: yes
configure:4577: checking paths.h presence
configure:4577: gcc -E  conftest.c
configure:4577: $? = 0
configure:4577: result: yes
configure:4577: checking for paths.h
configure:4577: result: yes
configure:4589: checking linux/types.h usability
configure:4589: gcc -c -g -O2  conftest.c >&5
configure:4589: $? = 0
configure:4589: result: yes
configure:4589: checking linux/types.h presence
configure:4589: gcc -E  conftest.c
configure:4589: $? = 0
configure:4589: result: yes
configure:4589: checking for linux/types.h
configure:4589: result: yes
configure:4602: checking linux/if_packet.h usability
configure:4602: gcc -c -g -O2  conftest.c >&5
configure:4602: $? = 0
configure:4602: result: yes
configure:4602: checking linux/if_packet.h presence
configure:4602: gcc -E  conftest.c
configure:4602: $? = 0
configure:4602: result: yes
configure:4602: checking for linux/if_packet.h
configure:4602: result: yes
configure:4602: checking netpacket/packet.h usability
configure:4602: gcc -c -g -O2  conftest.c >&5
configure:4602: $? = 0
configure:4602: result: yes
configure:4602: checking netpacket/packet.h presence
configure:4602: gcc -E  conftest.c
configure:4602: $? = 0
configure:4602: result: yes
configure:4602: checking for netpacket/packet.h
configure:4602: result: yes
configure:4602: checking netpacket/if_packet.h usability
configure:4602: gcc -c -g -O2  conftest.c >&5
conftest.c:62:33: fatal error: netpacket/if_packet.h: No such file or directory
compilation terminated.
configure:4602: $? = 1
configure: failed program was:
| /* confdefs.h */
| #define PACKAGE_NAME ""
| #define PACKAGE_TARNAME ""
| #define PACKAGE_VERSION ""
| #define PACKAGE_STRING ""
| #define PACKAGE_BUGREPORT ""
| #define PACKAGE_URL ""
| #define inline inline
| #define HAVE___ATTRIBUTE__ 1
| #define __ATTRIBUTE___FORMAT_OK 1
| #define STDC_HEADERS 1
| #define HAVE_SYS_TYPES_H 1
| #define HAVE_SYS_STAT_H 1
| #define HAVE_STDLIB_H 1
| #define HAVE_STRING_H 1
| #define HAVE_MEMORY_H 1
| #define HAVE_STRINGS_H 1
| #define HAVE_INTTYPES_H 1
| #define HAVE_STDINT_H 1
| #define HAVE_UNISTD_H 1
| #define HAVE_SYS_BITYPES_H 1
| #define HAVE_FSEEKO 1
| #define HAVE_LIMITS_H 1
| #define HAVE_PATHS_H 1
| #define HAVE_LINUX_TYPES_H 1
| #define HAVE_LINUX_IF_PACKET_H 1
| #define HAVE_NETPACKET_PACKET_H 1
| /* end confdefs.h.  */
| #include <stdio.h>
| #ifdef HAVE_SYS_TYPES_H
| # include <sys/types.h>
| #endif
| #ifdef HAVE_SYS_STAT_H
| # include <sys/stat.h>
| #endif
| #ifdef STDC_HEADERS
| # include <stdlib.h>
| # include <stddef.h>
| #else
| # ifdef HAVE_STDLIB_H
| #  include <stdlib.h>
| # endif
| #endif
| #ifdef HAVE_STRING_H
| # if !defined STDC_HEADERS && defined HAVE_MEMORY_H
| #  include <memory.h>
| # endif
| # include <string.h>
| #endif
| #ifdef HAVE_STRINGS_H
| # include <strings.h>
| #endif
| #ifdef HAVE_INTTYPES_H
| # include <inttypes.h>
| #endif
| #ifdef HAVE_STDINT_H
| # include <stdint.h>
| #endif
| #ifdef HAVE_UNISTD_H
| # include <unistd.h>
| #endif
| #include <netpacket/if_packet.h>
configure:4602: result: no
configure:4602: checking netpacket/if_packet.h presence
configure:4602: gcc -E  conftest.c
conftest.c:29:33: fatal error: netpacket/if_packet.h: No such file or directory
compilation terminated.
configure:4602: $? = 1
configure: failed program was:
| /* confdefs.h */
| #define PACKAGE_NAME ""
| #define PACKAGE_TARNAME ""
| #define PACKAGE_VERSION ""
| #define PACKAGE_STRING ""
| #define PACKAGE_BUGREPORT ""
| #define PACKAGE_URL ""
| #define inline inline
| #define HAVE___ATTRIBUTE__ 1
| #define __ATTRIBUTE___FORMAT_OK 1
| #define STDC_HEADERS 1
| #define HAVE_SYS_TYPES_H 1
| #define HAVE_SYS_STAT_H 1
| #define HAVE_STDLIB_H 1
| #define HAVE_STRING_H 1
| #define HAVE_MEMORY_H 1
| #define HAVE_STRINGS_H 1
| #define HAVE_INTTYPES_H 1
| #define HAVE_STDINT_H 1
| #define HAVE_UNISTD_H 1
| #define HAVE_SYS_BITYPES_H 1
| #define HAVE_FSEEKO 1
| #define HAVE_LIMITS_H 1
| #define HAVE_PATHS_H 1
| #define HAVE_LINUX_TYPES_H 1
| #define HAVE_LINUX_IF_PACKET_H 1
| #define HAVE_NETPACKET_PACKET_H 1
| /* end confdefs.h.  */
| #include <netpacket/if_packet.h>
configure:4602: result: no
configure:4602: checking for netpacket/if_packet.h
configure:4602: result: no
configure:4614: checking for net/pfvar.h
configure:4614: gcc -c -g -O2  conftest.c >&5
conftest.c:33:23: fatal error: net/pfvar.h: No such file or directory
compilation terminated.
configure:4614: $? = 1
configure: failed program was:
| /* confdefs.h */
| #define PACKAGE_NAME ""
| #define PACKAGE_TARNAME ""
| #define PACKAGE_VERSION ""
| #define PACKAGE_STRING ""
| #define PACKAGE_BUGREPORT ""
| #define PACKAGE_URL ""
| #define inline inline
| #define HAVE___ATTRIBUTE__ 1
| #define __ATTRIBUTE___FORMAT_OK 1
| #define STDC_HEADERS 1
| #define HAVE_SYS_TYPES_H 1
| #define HAVE_SYS_STAT_H 1
| #define HAVE_STDLIB_H 1
| #define HAVE_STRING_H 1
| #define HAVE_MEMORY_H 1
| #define HAVE_STRINGS_H 1
| #define HAVE_INTTYPES_H 1
| #define HAVE_STDINT_H 1
| #define HAVE_UNISTD_H 1
| #define HAVE_SYS_BITYPES_H 1
| #define HAVE_FSEEKO 1
| #define HAVE_LIMITS_H 1
| #define HAVE_PATHS_H 1
| #define HAVE_LINUX_TYPES_H 1
| #define HAVE_LINUX_IF_PACKET_H 1
| #define HAVE_NETPACKET_PACKET_H 1
| /* end confdefs.h.  */
| #include <sys/types.h>
| #include <sys/socket.h>
| #include <net/if.h>
| 
| #include <net/pfvar.h>
configure:4614: result: no
configure:4663: checking for netinet/if_ether.h
configure:4663: gcc -c -g -O2  conftest.c >&5
configure:4663: $? = 0
configure:4663: result: yes
configure:4707: checking for ANSI ioctl definitions
configure:4735: gcc -c -g -O2  conftest.c >&5
configure:4735: $? = 0
configure:4743: result: yes
configure:4755: checking for strerror
configure:4755: gcc -o conftest -g -O2   conftest.c  >&5
configure:4755: $? = 0
configure:4755: result: yes
configure:4755: checking for strlcpy
configure:4755: gcc -o conftest -g -O2   conftest.c  >&5
/tmp/ccQYwKRJ.o: In function `main':
/home/matt/Projects/Research/VMI_alpha/libpcap-1.5.2/conftest.c:65: undefined reference to `strlcpy'
collect2: error: ld returned 1 exit status
configure:4755: $? = 1
configure: failed program was:
| /* confdefs.h */
| #define PACKAGE_NAME ""
| #define PACKAGE_TARNAME ""
| #define PACKAGE_VERSION ""
| #define PACKAGE_STRING ""
| #define PACKAGE_BUGREPORT ""
| #define PACKAGE_URL ""
| #define inline inline
| #define HAVE___ATTRIBUTE__ 1
| #define __ATTRIBUTE___FORMAT_OK 1
| #define STDC_HEADERS 1
| #define HAVE_SYS_TYPES_H 1
| #define HAVE_SYS_STAT_H 1
| #define HAVE_STDLIB_H 1
| #define HAVE_STRING_H 1
| #define HAVE_MEMORY_H 1
| #define HAVE_STRINGS_H 1
| #define HAVE_INTTYPES_H 1
| #define HAVE_STDINT_H 1
| #define HAVE_UNISTD_H 1
| #define HAVE_SYS_BITYPES_H 1
| #define HAVE_FSEEKO 1
| #define HAVE_LIMITS_H 1
| #define HAVE_PATHS_H 1
| #define HAVE_LINUX_TYPES_H 1
| #define HAVE_LINUX_IF_PACKET_H 1
| #define HAVE_NETPACKET_PACKET_H 1
| #define HAVE_NETINET_IF_ETHER_H 1
| #define HAVE_STRERROR 1
| /* end confdefs.h.  */
| /* Define strlcpy to an innocuous variant, in case <limits.h> declares strlcpy.
|    For example, HP-UX 11i <limits.h> declares gettimeofday.  */
| #define strlcpy innocuous_strlcpy
| 
| /* System header to define __stub macros and hopefully few prototypes,
|     which can conflict with char strlcpy (); below.
|     Prefer <limits.h> to <assert.h> if __STDC__ is defined, since
|     <limits.h> exists even on freestanding compilers.  */
| 
| #ifdef __STDC__
| # include <limits.h>
| #else
| # include <assert.h>
| #endif
| 
| #undef strlcpy
| 
| /* Override any GCC internal prototype to avoid an error.
|    Use char because int might match the return type of a GCC
|    builtin and then its argument prototype would still apply.  */
| #ifdef __cplusplus
| extern "C"
| #endif
| char strlcpy ();
| /* The GNU C library defines this for functions which it implements
|     to always fail with ENOSYS.  Some functions are actually named
|     something starting with __ and the normal name is an alias.  */
| #if defined __stub_strlcpy || defined __stub___strlcpy
| choke me
| #endif
| 
| int
| main ()
| {
| return strlcpy ();
|   ;
|   return 0;
| }
configure:4755: result: no
configure:4769: checking for vsnprintf
configure:4769: gcc -o conftest -g -O2   conftest.c  >&5
conftest.c:54:6: warning: conflicting types for built-in function 'vsnprintf' [enabled by default]
configure:4769: $? = 0
configure:4769: result: yes
configure:4769: checking for snprintf
configure:4769: gcc -o conftest -g -O2   conftest.c  >&5
conftest.c:55:6: warning: conflicting types for built-in function 'snprintf' [enabled by default]
configure:4769: $? = 0
configure:4769: result: yes
configure:4798: checking for library containing gethostbyname
configure:4829: gcc -o conftest -g -O2   conftest.c  >&5
configure:4829: $? = 0
configure:4846: result: none required
configure:4899: checking for library containing socket
configure:4930: gcc -o conftest -g -O2   conftest.c  >&5
configure:4930: $? = 0
configure:4947: result: none required
configure:4997: checking for library containing putmsg
configure:5028: gcc -o conftest -g -O2   conftest.c  >&5
configure:5028: $? = 0
configure:5045: result: none required
configure:5068: checking for ether_hostton
configure:5068: gcc -o conftest -g -O2   conftest.c  >&5
configure:5068: $? = 0
configure:5068: result: yes
configure:5085: checking whether ether_hostton is declared
configure:5085: gcc -c -g -O2  conftest.c >&5
conftest.c: In function 'main':
conftest.c:52:10: error: 'ether_hostton' undeclared (first use in this function)
conftest.c:52:10: note: each undeclared identifier is reported only once for each function it appears in
configure:5085: $? = 1
configure: failed program was:
| /* confdefs.h */
| #define PACKAGE_NAME ""
| #define PACKAGE_TARNAME ""
| #define PACKAGE_VERSION ""
| #define PACKAGE_STRING ""
| #define PACKAGE_BUGREPORT ""
| #define PACKAGE_URL ""
| #define inline inline
| #define HAVE___ATTRIBUTE__ 1
| #define __ATTRIBUTE___FORMAT_OK 1
| #define STDC_HEADERS 1
| #define HAVE_SYS_TYPES_H 1
| #define HAVE_SYS_STAT_H 1
| #define HAVE_STDLIB_H 1
| #define HAVE_STRING_H 1
| #define HAVE_MEMORY_H 1
| #define HAVE_STRINGS_H 1
| #define HAVE_INTTYPES_H 1
| #define HAVE_STDINT_H 1
| #define HAVE_UNISTD_H 1
| #define HAVE_SYS_BITYPES_H 1
| #define HAVE_FSEEKO 1
| #define HAVE_LIMITS_H 1
| #define HAVE_PATHS_H 1
| #define HAVE_LINUX_TYPES_H 1
| #define HAVE_LINUX_IF_PACKET_H 1
| #define HAVE_NETPACKET_PACKET_H 1
| #define HAVE_NETINET_IF_ETHER_H 1
| #define HAVE_STRERROR 1
| #define HAVE_VSNPRINTF 1
| #define HAVE_SNPRINTF 1
| #define HAVE_ETHER_HOSTTON 1
| /* end confdefs.h.  */
| 
| #include <sys/types.h>
| #include <sys/socket.h>
| #include <netinet/in.h>
| #include <arpa/inet.h>
| struct mbuf;
| struct rtentry;
| #include <net/if.h>
| #include <netinet/if_ether.h>
| 
| 
| int
| main ()
| {
| #ifndef ether_hostton
| #ifdef __cplusplus
|   (void) ether_hostton;
| #else
|   (void) ether_hostton;
| #endif
| #endif
| 
|   ;
|   return 0;
| }
configure:5085: result: no
configure:5114: checking netinet/ether.h usability
configure:5114: gcc -c -g -O2  conftest.c >&5
configure:5114: $? = 0
configure:5114: result: yes
configure:5114: checking netinet/ether.h presence
configure:5114: gcc -E  conftest.c
configure:5114: $? = 0
configure:5114: result: yes
configure:5114: checking for netinet/ether.h
configure:5114: result: yes
configure:5132: checking whether ether_hostton is declared
configure:5132: gcc -c -g -O2  conftest.c >&5
configure:5132: $? = 0
configure:5132: result: yes
configure:5184: checking if --disable-protochain option is specified
configure:5202: result: enabled
configure:5234: checking packet capture type
configure:5278: result: linux
configure:5485: checking for linux/wireless.h
configure:5485: gcc -c -g -O2  conftest.c >&5
configure:5485: $? = 0
configure:5485: result: yes
configure:5517: checking for nl_socket_alloc in -lnl-3
configure:5542: gcc -o conftest -g -O2   conftest.c -lnl-3   >&5
/usr/lib64/gcc/x86_64-suse-linux/4.7/../../../../x86_64-suse-linux/bin/ld: cannot find -lnl-3
collect2: error: ld returned 1 exit status
configure:5542: $? = 1
configure: failed program was:
| /* confdefs.h */
| #define PACKAGE_NAME ""
| #define PACKAGE_TARNAME ""
| #define PACKAGE_VERSION ""
| #define PACKAGE_STRING ""
| #define PACKAGE_BUGREPORT ""
| #define PACKAGE_URL ""
| #define inline inline
| #define HAVE___ATTRIBUTE__ 1
| #define __ATTRIBUTE___FORMAT_OK 1
| #define STDC_HEADERS 1
| #define HAVE_SYS_TYPES_H 1
| #define HAVE_SYS_STAT_H 1
| #define HAVE_STDLIB_H 1
| #define HAVE_STRING_H 1
| #define HAVE_MEMORY_H 1
| #define HAVE_STRINGS_H 1
| #define HAVE_INTTYPES_H 1
| #define HAVE_STDINT_H 1
| #define HAVE_UNISTD_H 1
| #define HAVE_SYS_BITYPES_H 1
| #define HAVE_FSEEKO 1
| #define HAVE_LIMITS_H 1
| #define HAVE_PATHS_H 1
| #define HAVE_LINUX_TYPES_H 1
| #define HAVE_LINUX_IF_PACKET_H 1
| #define HAVE_NETPACKET_PACKET_H 1
| #define HAVE_NETINET_IF_ETHER_H 1
| #define HAVE_STRERROR 1
| #define HAVE_VSNPRINTF 1
| #define HAVE_SNPRINTF 1
| #define HAVE_ETHER_HOSTTON 1
| #define HAVE_NETINET_ETHER_H 1
| #define NETINET_ETHER_H_DECLARES_ETHER_HOSTTON /**/
| #define HAVE_DECL_ETHER_HOSTTON 1
| #define HAVE_LINUX_WIRELESS_H 1
| /* end confdefs.h.  */
| 
| /* Override any GCC internal prototype to avoid an error.
|    Use char because int might match the return type of a GCC
|    builtin and then its argument prototype would still apply.  */
| #ifdef __cplusplus
| extern "C"
| #endif
| char nl_socket_alloc ();
| int
| main ()
| {
| return nl_socket_alloc ();
|   ;
|   return 0;
| }
configure:5551: result: no
configure:5581: checking for nl_socket_alloc in -lnl
configure:5606: gcc -o conftest -g -O2   conftest.c -lnl   >&5
/tmp/ccJPEpXw.o: In function `main':
/home/matt/Projects/Research/VMI_alpha/libpcap-1.5.2/conftest.c:49: undefined reference to `nl_socket_alloc'
collect2: error: ld returned 1 exit status
configure:5606: $? = 1
configure: failed program was:
| /* confdefs.h */
| #define PACKAGE_NAME ""
| #define PACKAGE_TARNAME ""
| #define PACKAGE_VERSION ""
| #define PACKAGE_STRING ""
| #define PACKAGE_BUGREPORT ""
| #define PACKAGE_URL ""
| #define inline inline
| #define HAVE___ATTRIBUTE__ 1
| #define __ATTRIBUTE___FORMAT_OK 1
| #define STDC_HEADERS 1
| #define HAVE_SYS_TYPES_H 1
| #define HAVE_SYS_STAT_H 1
| #define HAVE_STDLIB_H 1
| #define HAVE_STRING_H 1
| #define HAVE_MEMORY_H 1
| #define HAVE_STRINGS_H 1
| #define HAVE_INTTYPES_H 1
| #define HAVE_STDINT_H 1
| #define HAVE_UNISTD_H 1
| #define HAVE_SYS_BITYPES_H 1
| #define HAVE_FSEEKO 1
| #define HAVE_LIMITS_H 1
| #define HAVE_PATHS_H 1
| #define HAVE_LINUX_TYPES_H 1
| #define HAVE_LINUX_IF_PACKET_H 1
| #define HAVE_NETPACKET_PACKET_H 1
| #define HAVE_NETINET_IF_ETHER_H 1
| #define HAVE_STRERROR 1
| #define HAVE_VSNPRINTF 1
| #define HAVE_SNPRINTF 1
| #define HAVE_ETHER_HOSTTON 1
| #define HAVE_NETINET_ETHER_H 1
| #define NETINET_ETHER_H_DECLARES_ETHER_HOSTTON /**/
| #define HAVE_DECL_ETHER_HOSTTON 1
| #define HAVE_LINUX_WIRELESS_H 1
| /* end confdefs.h.  */
| 
| /* Override any GCC internal prototype to avoid an error.
|    Use char because int might match the return type of a GCC
|    builtin and then its argument prototype would still apply.  */
| #ifdef __cplusplus
| extern "C"
| #endif
| char nl_socket_alloc ();
| int
| main ()
| {
| return nl_socket_alloc ();
|   ;
|   return 0;
| }
configure:5615: result: no
configure:5645: checking for nl_handle_alloc in -lnl
configure:5670: gcc -o conftest -g -O2   conftest.c -lnl   >&5
configure:5670: $? = 0
configure:5679: result: yes
configure:5708: checking for linux/ethtool.h
configure:5708: gcc -c -g -O2  conftest.c >&5
configure:5708: $? = 0
configure:5708: result: yes
configure:5722: checking if if_packet.h has tpacket_stats defined
configure:5739: gcc -c -g -O2  conftest.c >&5
configure:5739: $? = 0
configure:5747: result: yes
configure:5754: checking if tpacket_auxdata struct has tp_vlan_tci member
configure:5772: gcc -c -g -O2  conftest.c >&5
configure:5772: $? = 0
configure:5780: result: yes
configure:5889: checking for getifaddrs
configure:5889: gcc -o conftest -g -O2   conftest.c -lnl  >&5
configure:5889: $? = 0
configure:5889: result: yes
configure:5896: checking ifaddrs.h usability
configure:5896: gcc -c -g -O2  conftest.c >&5
configure:5896: $? = 0
configure:5896: result: yes
configure:5896: checking ifaddrs.h presence
configure:5896: gcc -E  conftest.c
configure:5896: $? = 0
configure:5896: result: yes
configure:5896: checking for ifaddrs.h
configure:5896: result: yes
configure:5994: checking for socklen_t
configure:6010: gcc -c -g -O2  conftest.c >&5
configure:6010: $? = 0
configure:6021: result: yes
configure:6032: checking for getaddrinfo
configure:6032: gcc -o conftest -g -O2   conftest.c -lnl  >&5
configure:6032: $? = 0
configure:6032: result: yes
configure:6052: checking whether to build optimizer debugging code
configure:6064: result: no
configure:6067: checking whether to build parser debugging code
configure:6079: result: no
configure:6158: checking whether we have DAG API headers
configure:6181: result: no (/usr/local/include)
configure:6390: checking whether we have the DAG API
configure:6394: result: no
configure:6461: checking whether we have Septel API
configure:6483: result: no
configure:6576: checking whether we have Myricom Sniffer API
configure:6594: result: no (/opt/snf)
configure:6689: checking for flex
configure:6705: found /usr/bin/flex
configure:6716: result: flex
configure:6731: checking for flex 2.4 or higher
configure:6743: result: yes
configure:6759: checking for bison
configure:6775: found /usr/bin/bison
configure:6786: result: bison
configure:7165: checking for ranlib
configure:7181: found /usr/bin/ranlib
configure:7192: result: ranlib
configure:7257: checking for ar
configure:7273: found /usr/bin/ar
configure:7284: result: ar
configure:7307: checking whether ln -s works
configure:7311: result: yes
configure:7582: checking if sockaddr struct has the sa_len member
configure:7600: gcc -c -g -O2  conftest.c >&5
conftest.c: In function 'main':
conftest.c:50:40: error: 'struct sockaddr' has no member named 'sa_len'
configure:7600: $? = 1
configure: failed program was:
| /* confdefs.h */
| #define PACKAGE_NAME ""
| #define PACKAGE_TARNAME ""
| #define PACKAGE_VERSION ""
| #define PACKAGE_STRING ""
| #define PACKAGE_BUGREPORT ""
| #define PACKAGE_URL ""
| #define inline inline
| #define HAVE___ATTRIBUTE__ 1
| #define __ATTRIBUTE___FORMAT_OK 1
| #define STDC_HEADERS 1
| #define HAVE_SYS_TYPES_H 1
| #define HAVE_SYS_STAT_H 1
| #define HAVE_STDLIB_H 1
| #define HAVE_STRING_H 1
| #define HAVE_MEMORY_H 1
| #define HAVE_STRINGS_H 1
| #define HAVE_INTTYPES_H 1
| #define HAVE_STDINT_H 1
| #define HAVE_UNISTD_H 1
| #define HAVE_SYS_BITYPES_H 1
| #define HAVE_FSEEKO 1
| #define HAVE_LIMITS_H 1
| #define HAVE_PATHS_H 1
| #define HAVE_LINUX_TYPES_H 1
| #define HAVE_LINUX_IF_PACKET_H 1
| #define HAVE_NETPACKET_PACKET_H 1
| #define HAVE_NETINET_IF_ETHER_H 1
| #define HAVE_STRERROR 1
| #define HAVE_VSNPRINTF 1
| #define HAVE_SNPRINTF 1
| #define HAVE_ETHER_HOSTTON 1
| #define HAVE_NETINET_ETHER_H 1
| #define NETINET_ETHER_H_DECLARES_ETHER_HOSTTON /**/
| #define HAVE_DECL_ETHER_HOSTTON 1
| #define HAVE_LINUX_WIRELESS_H 1
| #define HAVE_LIBNL 1
| #define HAVE_LINUX_ETHTOOL_H 1
| #define HAVE_TPACKET_STATS 1
| #define HAVE_LINUX_TPACKET_AUXDATA_TP_VLAN_TCI 1
| #define HAVE_SOCKLEN_T 1
| #define INET6 1
| /* end confdefs.h.  */
| 
| #	include <sys/types.h>
| #	include <sys/socket.h>
| int
| main ()
| {
| u_int i = sizeof(((struct sockaddr *)0)->sa_len)
|   ;
|   return 0;
| }
configure:7608: result: no
configure:7616: checking if sockaddr_storage struct exists
configure:7634: gcc -c -g -O2  conftest.c >&5
configure:7634: $? = 0
configure:7642: result: yes
configure:7650: checking if dl_hp_ppa_info_t struct has dl_module_id_1 member
configure:7669: gcc -c -g -O2  conftest.c >&5
conftest.c:47:23: fatal error: sys/dlpi.h: No such file or directory
compilation terminated.
configure:7669: $? = 1
configure: failed program was:
| /* confdefs.h */
| #define PACKAGE_NAME ""
| #define PACKAGE_TARNAME ""
| #define PACKAGE_VERSION ""
| #define PACKAGE_STRING ""
| #define PACKAGE_BUGREPORT ""
| #define PACKAGE_URL ""
| #define inline inline
| #define HAVE___ATTRIBUTE__ 1
| #define __ATTRIBUTE___FORMAT_OK 1
| #define STDC_HEADERS 1
| #define HAVE_SYS_TYPES_H 1
| #define HAVE_SYS_STAT_H 1
| #define HAVE_STDLIB_H 1
| #define HAVE_STRING_H 1
| #define HAVE_MEMORY_H 1
| #define HAVE_STRINGS_H 1
| #define HAVE_INTTYPES_H 1
| #define HAVE_STDINT_H 1
| #define HAVE_UNISTD_H 1
| #define HAVE_SYS_BITYPES_H 1
| #define HAVE_FSEEKO 1
| #define HAVE_LIMITS_H 1
| #define HAVE_PATHS_H 1
| #define HAVE_LINUX_TYPES_H 1
| #define HAVE_LINUX_IF_PACKET_H 1
| #define HAVE_NETPACKET_PACKET_H 1
| #define HAVE_NETINET_IF_ETHER_H 1
| #define HAVE_STRERROR 1
| #define HAVE_VSNPRINTF 1
| #define HAVE_SNPRINTF 1
| #define HAVE_ETHER_HOSTTON 1
| #define HAVE_NETINET_ETHER_H 1
| #define NETINET_ETHER_H_DECLARES_ETHER_HOSTTON /**/
| #define HAVE_DECL_ETHER_HOSTTON 1
| #define HAVE_LINUX_WIRELESS_H 1
| #define HAVE_LIBNL 1
| #define HAVE_LINUX_ETHTOOL_H 1
| #define HAVE_TPACKET_STATS 1
| #define HAVE_LINUX_TPACKET_AUXDATA_TP_VLAN_TCI 1
| #define HAVE_SOCKLEN_T 1
| #define INET6 1
| #define HAVE_SOCKADDR_STORAGE 1
| /* end confdefs.h.  */
| 
| #	include <sys/types.h>
| #	include <sys/dlpi.h>
| #	include <sys/dlpi_ext.h>
| int
| main ()
| {
| u_int i = sizeof(((dl_hp_ppa_info_t *)0)->dl_module_id_1)
|   ;
|   return 0;
| }
configure:7677: result: no
configure:7685: checking if unaligned accesses fail
configure:7772: result: no
configure:7809: checking for USB sniffing support
configure:7817: result: yes
configure:7828: Device for USB sniffing is /dev/usbmon
configure:7836: checking linux/compiler.h usability
configure:7836: gcc -c -g -O2  conftest.c >&5
conftest.c:81:28: fatal error: linux/compiler.h: No such file or directory
compilation terminated.
configure:7836: $? = 1
configure: failed program was:
| /* confdefs.h */
| #define PACKAGE_NAME ""
| #define PACKAGE_TARNAME ""
| #define PACKAGE_VERSION ""
| #define PACKAGE_STRING ""
| #define PACKAGE_BUGREPORT ""
| #define PACKAGE_URL ""
| #define inline inline
| #define HAVE___ATTRIBUTE__ 1
| #define __ATTRIBUTE___FORMAT_OK 1
| #define STDC_HEADERS 1
| #define HAVE_SYS_TYPES_H 1
| #define HAVE_SYS_STAT_H 1
| #define HAVE_STDLIB_H 1
| #define HAVE_STRING_H 1
| #define HAVE_MEMORY_H 1
| #define HAVE_STRINGS_H 1
| #define HAVE_INTTYPES_H 1
| #define HAVE_STDINT_H 1
| #define HAVE_UNISTD_H 1
| #define HAVE_SYS_BITYPES_H 1
| #define HAVE_FSEEKO 1
| #define HAVE_LIMITS_H 1
| #define HAVE_PATHS_H 1
| #define HAVE_LINUX_TYPES_H 1
| #define HAVE_LINUX_IF_PACKET_H 1
| #define HAVE_NETPACKET_PACKET_H 1
| #define HAVE_NETINET_IF_ETHER_H 1
| #define HAVE_STRERROR 1
| #define HAVE_VSNPRINTF 1
| #define HAVE_SNPRINTF 1
| #define HAVE_ETHER_HOSTTON 1
| #define HAVE_NETINET_ETHER_H 1
| #define NETINET_ETHER_H_DECLARES_ETHER_HOSTTON /**/
| #define HAVE_DECL_ETHER_HOSTTON 1
| #define HAVE_LINUX_WIRELESS_H 1
| #define HAVE_LIBNL 1
| #define HAVE_LINUX_ETHTOOL_H 1
| #define HAVE_TPACKET_STATS 1
| #define HAVE_LINUX_TPACKET_AUXDATA_TP_VLAN_TCI 1
| #define HAVE_SOCKLEN_T 1
| #define INET6 1
| #define HAVE_SOCKADDR_STORAGE 1
| #define HAVE_VERSION_H 1
| #define PCAP_SUPPORT_USB 1
| #define LINUX_USB_MON_DEV "/dev/usbmon"
| /* end confdefs.h.  */
| #include <stdio.h>
| #ifdef HAVE_SYS_TYPES_H
| # include <sys/types.h>
| #endif
| #ifdef HAVE_SYS_STAT_H
| # include <sys/stat.h>
| #endif
| #ifdef STDC_HEADERS
| # include <stdlib.h>
| # include <stddef.h>
| #else
| # ifdef HAVE_STDLIB_H
| #  include <stdlib.h>
| # endif
| #endif
| #ifdef HAVE_STRING_H
| # if !defined STDC_HEADERS && defined HAVE_MEMORY_H
| #  include <memory.h>
| # endif
| # include <string.h>
| #endif
| #ifdef HAVE_STRINGS_H
| # include <strings.h>
| #endif
| #ifdef HAVE_INTTYPES_H
| # include <inttypes.h>
| #endif
| #ifdef HAVE_STDINT_H
| # include <stdint.h>
| #endif
| #ifdef HAVE_UNISTD_H
| # include <unistd.h>
| #endif
| #include <linux/compiler.h>
configure:7836: result: no
configure:7836: checking linux/compiler.h presence
configure:7836: gcc -E  conftest.c
conftest.c:48:28: fatal error: linux/compiler.h: No such file or directory
compilation terminated.
configure:7836: $? = 1
configure: failed program was:
| /* confdefs.h */
| #define PACKAGE_NAME ""
| #define PACKAGE_TARNAME ""
| #define PACKAGE_VERSION ""
| #define PACKAGE_STRING ""
| #define PACKAGE_BUGREPORT ""
| #define PACKAGE_URL ""
| #define inline inline
| #define HAVE___ATTRIBUTE__ 1
| #define __ATTRIBUTE___FORMAT_OK 1
| #define STDC_HEADERS 1
| #define HAVE_SYS_TYPES_H 1
| #define HAVE_SYS_STAT_H 1
| #define HAVE_STDLIB_H 1
| #define HAVE_STRING_H 1
| #define HAVE_MEMORY_H 1
| #define HAVE_STRINGS_H 1
| #define HAVE_INTTYPES_H 1
| #define HAVE_STDINT_H 1
| #define HAVE_UNISTD_H 1
| #define HAVE_SYS_BITYPES_H 1
| #define HAVE_FSEEKO 1
| #define HAVE_LIMITS_H 1
| #define HAVE_PATHS_H 1
| #define HAVE_LINUX_TYPES_H 1
| #define HAVE_LINUX_IF_PACKET_H 1
| #define HAVE_NETPACKET_PACKET_H 1
| #define HAVE_NETINET_IF_ETHER_H 1
| #define HAVE_STRERROR 1
| #define HAVE_VSNPRINTF 1
| #define HAVE_SNPRINTF 1
| #define HAVE_ETHER_HOSTTON 1
| #define HAVE_NETINET_ETHER_H 1
| #define NETINET_ETHER_H_DECLARES_ETHER_HOSTTON /**/
| #define HAVE_DECL_ETHER_HOSTTON 1
| #define HAVE_LINUX_WIRELESS_H 1
| #define HAVE_LIBNL 1
| #define HAVE_LINUX_ETHTOOL_H 1
| #define HAVE_TPACKET_STATS 1
| #define HAVE_LINUX_TPACKET_AUXDATA_TP_VLAN_TCI 1
| #define HAVE_SOCKLEN_T 1
| #define INET6 1
| #define HAVE_SOCKADDR_STORAGE 1
| #define HAVE_VERSION_H 1
| #define PCAP_SUPPORT_USB 1
| #define LINUX_USB_MON_DEV "/dev/usbmon"
| /* end confdefs.h.  */
| #include <linux/compiler.h>
configure:7836: result: no
configure:7836: checking for linux/compiler.h
configure:7836: result: no
configure:7866: checking linux/usbdevice_fs.h usability
configure:7866: gcc -c -g -O2  conftest.c >&5
configure:7866: $? = 0
configure:7866: result: yes
configure:7866: checking linux/usbdevice_fs.h presence
configure:7866: gcc -E  conftest.c
configure:7866: $? = 0
configure:7866: result: yes
configure:7866: checking for linux/usbdevice_fs.h
configure:7866: result: yes
configure:7884: checking if usbdevfs_ctrltransfer struct has bRequestType member
configure:7908: gcc -c -g -O2  conftest.c >&5
configure:7908: $? = 0
configure:7916: result: yes
configure:7933: checking whether the platform could support netfilter sniffing
configure:7937: result: yes
configure:7947: checking whether we can compile the netfilter support
configure:7973: gcc -c -g -O2  conftest.c >&5
configure:7973: $? = 0
configure:7981: result: yes
configure:8009: checking bluetooth/bluetooth.h usability
configure:8009: gcc -c -g -O2  conftest.c >&5
conftest.c:84:33: fatal error: bluetooth/bluetooth.h: No such file or directory
compilation terminated.
configure:8009: $? = 1
configure: failed program was:
| /* confdefs.h */
| #define PACKAGE_NAME ""
| #define PACKAGE_TARNAME ""
| #define PACKAGE_VERSION ""
| #define PACKAGE_STRING ""
| #define PACKAGE_BUGREPORT ""
| #define PACKAGE_URL ""
| #define inline inline
| #define HAVE___ATTRIBUTE__ 1
| #define __ATTRIBUTE___FORMAT_OK 1
| #define STDC_HEADERS 1
| #define HAVE_SYS_TYPES_H 1
| #define HAVE_SYS_STAT_H 1
| #define HAVE_STDLIB_H 1
| #define HAVE_STRING_H 1
| #define HAVE_MEMORY_H 1
| #define HAVE_STRINGS_H 1
| #define HAVE_INTTYPES_H 1
| #define HAVE_STDINT_H 1
| #define HAVE_UNISTD_H 1
| #define HAVE_SYS_BITYPES_H 1
| #define HAVE_FSEEKO 1
| #define HAVE_LIMITS_H 1
| #define HAVE_PATHS_H 1
| #define HAVE_LINUX_TYPES_H 1
| #define HAVE_LINUX_IF_PACKET_H 1
| #define HAVE_NETPACKET_PACKET_H 1
| #define HAVE_NETINET_IF_ETHER_H 1
| #define HAVE_STRERROR 1
| #define HAVE_VSNPRINTF 1
| #define HAVE_SNPRINTF 1
| #define HAVE_ETHER_HOSTTON 1
| #define HAVE_NETINET_ETHER_H 1
| #define NETINET_ETHER_H_DECLARES_ETHER_HOSTTON /**/
| #define HAVE_DECL_ETHER_HOSTTON 1
| #define HAVE_LINUX_WIRELESS_H 1
| #define HAVE_LIBNL 1
| #define HAVE_LINUX_ETHTOOL_H 1
| #define HAVE_TPACKET_STATS 1
| #define HAVE_LINUX_TPACKET_AUXDATA_TP_VLAN_TCI 1
| #define HAVE_SOCKLEN_T 1
| #define INET6 1
| #define HAVE_SOCKADDR_STORAGE 1
| #define HAVE_VERSION_H 1
| #define PCAP_SUPPORT_USB 1
| #define LINUX_USB_MON_DEV "/dev/usbmon"
| #define HAVE_LINUX_USBDEVICE_FS_H 1
| #define HAVE_USBDEVFS_CTRLTRANSFER_BREQUESTTYPE 1
| #define PCAP_SUPPORT_NETFILTER 1
| /* end confdefs.h.  */
| #include <stdio.h>
| #ifdef HAVE_SYS_TYPES_H
| # include <sys/types.h>
| #endif
| #ifdef HAVE_SYS_STAT_H
| # include <sys/stat.h>
| #endif
| #ifdef STDC_HEADERS
| # include <stdlib.h>
| # include <stddef.h>
| #else
| # ifdef HAVE_STDLIB_H
| #  include <stdlib.h>
| # endif
| #endif
| #ifdef HAVE_STRING_H
| # if !defined STDC_HEADERS && defined HAVE_MEMORY_H
| #  include <memory.h>
| # endif
| # include <string.h>
| #endif
| #ifdef HAVE_STRINGS_H
| # include <strings.h>
| #endif
| #ifdef HAVE_INTTYPES_H
| # include <inttypes.h>
| #endif
| #ifdef HAVE_STDINT_H
| # include <stdint.h>
| #endif
| #ifdef HAVE_UNISTD_H
| # include <unistd.h>
| #endif
| #include <bluetooth/bluetooth.h>
configure:8009: result: no
configure:8009: checking bluetooth/bluetooth.h presence
configure:8009: gcc -E  conftest.c
conftest.c:51:33: fatal error: bluetooth/bluetooth.h: No such file or directory
compilation terminated.
configure:8009: $? = 1
configure: failed program was:
| /* confdefs.h */
| #define PACKAGE_NAME ""
| #define PACKAGE_TARNAME ""
| #define PACKAGE_VERSION ""
| #define PACKAGE_STRING ""
| #define PACKAGE_BUGREPORT ""
| #define PACKAGE_URL ""
| #define inline inline
| #define HAVE___ATTRIBUTE__ 1
| #define __ATTRIBUTE___FORMAT_OK 1
| #define STDC_HEADERS 1
| #define HAVE_SYS_TYPES_H 1
| #define HAVE_SYS_STAT_H 1
| #define HAVE_STDLIB_H 1
| #define HAVE_STRING_H 1
| #define HAVE_MEMORY_H 1
| #define HAVE_STRINGS_H 1
| #define HAVE_INTTYPES_H 1
| #define HAVE_STDINT_H 1
| #define HAVE_UNISTD_H 1
| #define HAVE_SYS_BITYPES_H 1
| #define HAVE_FSEEKO 1
| #define HAVE_LIMITS_H 1
| #define HAVE_PATHS_H 1
| #define HAVE_LINUX_TYPES_H 1
| #define HAVE_LINUX_IF_PACKET_H 1
| #define HAVE_NETPACKET_PACKET_H 1
| #define HAVE_NETINET_IF_ETHER_H 1
| #define HAVE_STRERROR 1
| #define HAVE_VSNPRINTF 1
| #define HAVE_SNPRINTF 1
| #define HAVE_ETHER_HOSTTON 1
| #define HAVE_NETINET_ETHER_H 1
| #define NETINET_ETHER_H_DECLARES_ETHER_HOSTTON /**/
| #define HAVE_DECL_ETHER_HOSTTON 1
| #define HAVE_LINUX_WIRELESS_H 1
| #define HAVE_LIBNL 1
| #define HAVE_LINUX_ETHTOOL_H 1
| #define HAVE_TPACKET_STATS 1
| #define HAVE_LINUX_TPACKET_AUXDATA_TP_VLAN_TCI 1
| #define HAVE_SOCKLEN_T 1
| #define INET6 1
| #define HAVE_SOCKADDR_STORAGE 1
| #define HAVE_VERSION_H 1
| #define PCAP_SUPPORT_USB 1
| #define LINUX_USB_MON_DEV "/dev/usbmon"
| #define HAVE_LINUX_USBDEVICE_FS_H 1
| #define HAVE_USBDEVFS_CTRLTRANSFER_BREQUESTTYPE 1
| #define PCAP_SUPPORT_NETFILTER 1
| /* end confdefs.h.  */
| #include <bluetooth/bluetooth.h>
configure:8009: result: no
configure:8009: checking for bluetooth/bluetooth.h
configure:8009: result: no
configure:8059: Bluetooth sniffing is not supported; install bluez-lib devel to enable it
configure:8086: checking libusb-1.0/libusb.h usability
configure:8086: gcc -c -g -O2  conftest.c >&5
conftest.c:84:31: fatal error: libusb-1.0/libusb.h: No such file or directory
compilation terminated.
configure:8086: $? = 1
configure: failed program was:
| /* confdefs.h */
| #define PACKAGE_NAME ""
| #define PACKAGE_TARNAME ""
| #define PACKAGE_VERSION ""
| #define PACKAGE_STRING ""
| #define PACKAGE_BUGREPORT ""
| #define PACKAGE_URL ""
| #define inline inline
| #define HAVE___ATTRIBUTE__ 1
| #define __ATTRIBUTE___FORMAT_OK 1
| #define STDC_HEADERS 1
| #define HAVE_SYS_TYPES_H 1
| #define HAVE_SYS_STAT_H 1
| #define HAVE_STDLIB_H 1
| #define HAVE_STRING_H 1
| #define HAVE_MEMORY_H 1
| #define HAVE_STRINGS_H 1
| #define HAVE_INTTYPES_H 1
| #define HAVE_STDINT_H 1
| #define HAVE_UNISTD_H 1
| #define HAVE_SYS_BITYPES_H 1
| #define HAVE_FSEEKO 1
| #define HAVE_LIMITS_H 1
| #define HAVE_PATHS_H 1
| #define HAVE_LINUX_TYPES_H 1
| #define HAVE_LINUX_IF_PACKET_H 1
| #define HAVE_NETPACKET_PACKET_H 1
| #define HAVE_NETINET_IF_ETHER_H 1
| #define HAVE_STRERROR 1
| #define HAVE_VSNPRINTF 1
| #define HAVE_SNPRINTF 1
| #define HAVE_ETHER_HOSTTON 1
| #define HAVE_NETINET_ETHER_H 1
| #define NETINET_ETHER_H_DECLARES_ETHER_HOSTTON /**/
| #define HAVE_DECL_ETHER_HOSTTON 1
| #define HAVE_LINUX_WIRELESS_H 1
| #define HAVE_LIBNL 1
| #define HAVE_LINUX_ETHTOOL_H 1
| #define HAVE_TPACKET_STATS 1
| #define HAVE_LINUX_TPACKET_AUXDATA_TP_VLAN_TCI 1
| #define HAVE_SOCKLEN_T 1
| #define INET6 1
| #define HAVE_SOCKADDR_STORAGE 1
| #define HAVE_VERSION_H 1
| #define PCAP_SUPPORT_USB 1
| #define LINUX_USB_MON_DEV "/dev/usbmon"
| #define HAVE_LINUX_USBDEVICE_FS_H 1
| #define HAVE_USBDEVFS_CTRLTRANSFER_BREQUESTTYPE 1
| #define PCAP_SUPPORT_NETFILTER 1
| /* end confdefs.h.  */
| #include <stdio.h>
| #ifdef HAVE_SYS_TYPES_H
| # include <sys/types.h>
| #endif
| #ifdef HAVE_SYS_STAT_H
| # include <sys/stat.h>
| #endif
| #ifdef STDC_HEADERS
| # include <stdlib.h>
| # include <stddef.h>
| #else
| # ifdef HAVE_STDLIB_H
| #  include <stdlib.h>
| # endif
| #endif
| #ifdef HAVE_STRING_H
| # if !defined STDC_HEADERS && defined HAVE_MEMORY_H
| #  include <memory.h>
| # endif
| # include <string.h>
| #endif
| #ifdef HAVE_STRINGS_H
| # include <strings.h>
| #endif
| #ifdef HAVE_INTTYPES_H
| # include <inttypes.h>
| #endif
| #ifdef HAVE_STDINT_H
| # include <stdint.h>
| #endif
| #ifdef HAVE_UNISTD_H
| # include <unistd.h>
| #endif
| #include <libusb-1.0/libusb.h>
configure:8086: result: no
configure:8086: checking libusb-1.0/libusb.h presence
configure:8086: gcc -E  conftest.c
conftest.c:51:31: fatal error: libusb-1.0/libusb.h: No such file or directory
compilation terminated.
configure:8086: $? = 1
configure: failed program was:
| /* confdefs.h */
| #define PACKAGE_NAME ""
| #define PACKAGE_TARNAME ""
| #define PACKAGE_VERSION ""
| #define PACKAGE_STRING ""
| #define PACKAGE_BUGREPORT ""
| #define PACKAGE_URL ""
| #define inline inline
| #define HAVE___ATTRIBUTE__ 1
| #define __ATTRIBUTE___FORMAT_OK 1
| #define STDC_HEADERS 1
| #define HAVE_SYS_TYPES_H 1
| #define HAVE_SYS_STAT_H 1
| #define HAVE_STDLIB_H 1
| #define HAVE_STRING_H 1
| #define HAVE_MEMORY_H 1
| #define HAVE_STRINGS_H 1
| #define HAVE_INTTYPES_H 1
| #define HAVE_STDINT_H 1
| #define HAVE_UNISTD_H 1
| #define HAVE_SYS_BITYPES_H 1
| #define HAVE_FSEEKO 1
| #define HAVE_LIMITS_H 1
| #define HAVE_PATHS_H 1
| #define HAVE_LINUX_TYPES_H 1
| #define HAVE_LINUX_IF_PACKET_H 1
| #define HAVE_NETPACKET_PACKET_H 1
| #define HAVE_NETINET_IF_ETHER_H 1
| #define HAVE_STRERROR 1
| #define HAVE_VSNPRINTF 1
| #define HAVE_SNPRINTF 1
| #define HAVE_ETHER_HOSTTON 1
| #define HAVE_NETINET_ETHER_H 1
| #define NETINET_ETHER_H_DECLARES_ETHER_HOSTTON /**/
| #define HAVE_DECL_ETHER_HOSTTON 1
| #define HAVE_LINUX_WIRELESS_H 1
| #define HAVE_LIBNL 1
| #define HAVE_LINUX_ETHTOOL_H 1
| #define HAVE_TPACKET_STATS 1
| #define HAVE_LINUX_TPACKET_AUXDATA_TP_VLAN_TCI 1
| #define HAVE_SOCKLEN_T 1
| #define INET6 1
| #define HAVE_SOCKADDR_STORAGE 1
| #define HAVE_VERSION_H 1
| #define PCAP_SUPPORT_USB 1
| #define LINUX_USB_MON_DEV "/dev/usbmon"
| #define HAVE_LINUX_USBDEVICE_FS_H 1
| #define HAVE_USBDEVFS_CTRLTRANSFER_BREQUESTTYPE 1
| #define PCAP_SUPPORT_NETFILTER 1
| /* end confdefs.h.  */
| #include <libusb-1.0/libusb.h>
configure:8086: result: no
configure:8086: checking for libusb-1.0/libusb.h
configure:8086: result: no
configure:8098: canusb sniffing is not supported; install libusb1.0 lib devel to enable it
configure:8125: checking for linux/can.h
configure:8125: gcc -c -g -O2  conftest.c >&5
configure:8125: $? = 0
configure:8125: result: yes
configure:8133: CAN sniffing is supported
configure:8162: checking for pkg-config
configure:8178: found /usr/bin/pkg-config
configure:8190: result: pkg-config
configure:8199: checking for D-Bus
configure:8202: result: yes
configure:8210: checking whether the D-Bus library defines dbus_connection_read_write
configure:8228: gcc -o conftest -g -O2 -I/usr/include/dbus-1.0 -I/usr/lib64/dbus-1.0/include     conftest.c -lnl  -ldbus-1   >&5
configure:8228: $? = 0
configure:8230: result: yes
configure:8267: checking linux/net_tstamp.h usability
configure:8267: gcc -c -g -O2  conftest.c >&5
configure:8267: $? = 0
configure:8267: result: yes
configure:8267: checking linux/net_tstamp.h presence
configure:8267: gcc -E  conftest.c
configure:8267: $? = 0
configure:8267: result: yes
configure:8267: checking for linux/net_tstamp.h
configure:8267: result: yes
configure:8298: checking for a BSD-compatible install
configure:8366: result: /usr/bin/install -c
configure:8499: creating ./config.status

## ---------------------- ##
## Running config.status. ##
## ---------------------- ##

This file was extended by config.status, which was
generated by GNU Autoconf 2.69.  Invocation command line was

  CONFIG_FILES    = 
  CONFIG_HEADERS  = 
  CONFIG_LINKS    = 
  CONFIG_COMMANDS = 
  $ ./config.status 

on mt-opensuse.site

config.status:911: creating Makefile
config.status:911: creating pcap-filter.manmisc
config.status:911: creating pcap-linktype.manmisc
config.status:911: creating pcap-tstamp.manmisc
config.status:911: creating pcap-savefile.manfile
config.status:911: creating pcap.3pcap
config.status:911: creating pcap_compile.3pcap
config.status:911: creating pcap_datalink.3pcap
config.status:911: creating pcap_dump_open.3pcap
config.status:911: creating pcap_get_tstamp_precision.3pcap
config.status:911: creating pcap_list_datalinks.3pcap
config.status:911: creating pcap_list_tstamp_types.3pcap
config.status:911: creating pcap_open_dead.3pcap
config.status:911: creating pcap_open_offline.3pcap
config.status:911: creating pcap_set_tstamp_precision.3pcap
config.status:911: creating pcap_set_tstamp_type.3pcap
config.status:911: creating config.h
config.status:1100: executing default-1 commands

## ---------------- ##
## Cache variables. ##
## ---------------- ##

ac_cv___attribute__=yes
ac_cv___attribute___format=yes
ac_cv___attribute___unused=yes
ac_cv_build=x86_64-unknown-linux-gnu
ac_cv_c_compiler_gnu=yes
ac_cv_env_CC_set=
ac_cv_env_CC_value=
ac_cv_env_CFLAGS_set=
ac_cv_env_CFLAGS_value=
ac_cv_env_CPPFLAGS_set=
ac_cv_env_CPPFLAGS_value=
ac_cv_env_CPP_set=
ac_cv_env_CPP_value=
ac_cv_env_LDFLAGS_set=
ac_cv_env_LDFLAGS_value=
ac_cv_env_LIBS_set=
ac_cv_env_LIBS_value=
ac_cv_env_build_alias_set=
ac_cv_env_build_alias_value=
ac_cv_env_host_alias_set=
ac_cv_env_host_alias_value=
ac_cv_env_target_alias_set=
ac_cv_env_target_alias_value=
ac_cv_func_ether_hostton=yes
ac_cv_func_getaddrinfo=yes
ac_cv_func_getifaddrs=yes
ac_cv_func_snprintf=yes
ac_cv_func_strerror=yes
ac_cv_func_strlcpy=no
ac_cv_func_vsnprintf=yes
ac_cv_have_decl_ether_hostton=yes
ac_cv_header_bluetooth_bluetooth_h=no
ac_cv_header_ifaddrs_h=yes
ac_cv_header_inttypes_h=yes
ac_cv_header_libusb_1_0_libusb_h=no
ac_cv_header_limits_h=yes
ac_cv_header_linux_can_h=yes
ac_cv_header_linux_compiler_h=no
ac_cv_header_linux_ethtool_h=yes
ac_cv_header_linux_if_packet_h=yes
ac_cv_header_linux_net_tstamp_h=yes
ac_cv_header_linux_types_h=yes
ac_cv_header_linux_usbdevice_fs_h=yes
ac_cv_header_linux_wireless_h=yes
ac_cv_header_memory_h=yes
ac_cv_header_net_pfvar_h=no
ac_cv_header_netinet_ether_h=yes
ac_cv_header_netinet_if_ether_h=yes
ac_cv_header_netpacket_if_packet_h=no
ac_cv_header_netpacket_packet_h=yes
ac_cv_header_paths_h=yes
ac_cv_header_stdc=yes
ac_cv_header_stdint_h=yes
ac_cv_header_stdlib_h=yes
ac_cv_header_string_h=yes
ac_cv_header_strings_h=yes
ac_cv_header_sys_bitypes_h=yes
ac_cv_header_sys_ioccom_h=no
ac_cv_header_sys_sockio_h=no
ac_cv_header_sys_stat_h=yes
ac_cv_header_sys_types_h=yes
ac_cv_header_unistd_h=yes
ac_cv_host=x86_64-unknown-linux-gnu
ac_cv_lbl_dag_api=no
ac_cv_lbl_dl_hp_ppa_info_t_has_dl_module_id_1=no
ac_cv_lbl_flex_v24=yes
ac_cv_lbl_gcc_fixincludes=yes
ac_cv_lbl_has_sockaddr_storage=yes
ac_cv_lbl_inline=inline
ac_cv_lbl_linux_tpacket_auxdata_tp_vlan_tci=yes
ac_cv_lbl_septel_api=no
ac_cv_lbl_snf_api=no
ac_cv_lbl_sockaddr_has_sa_len=no
ac_cv_lbl_tpacket_stats=yes
ac_cv_lbl_unaligned_fail=no
ac_cv_lib_nl_3_nl_socket_alloc=no
ac_cv_lib_nl_nl_handle_alloc=yes
ac_cv_lib_nl_nl_socket_alloc=no
ac_cv_netfilter_can_compile=yes
ac_cv_objext=o
ac_cv_path_EGREP='/usr/bin/grep -E'
ac_cv_path_GREP=/usr/bin/grep
ac_cv_path_install='/usr/bin/install -c'
ac_cv_prog_CPP='gcc -E'
ac_cv_prog_PKGCONFIG=pkg-config
ac_cv_prog_V_LEX=flex
ac_cv_prog_V_YACC=bison
ac_cv_prog_ac_ct_AR=ar
ac_cv_prog_ac_ct_CC=gcc
ac_cv_prog_ac_ct_RANLIB=ranlib
ac_cv_prog_cc_c89=
ac_cv_prog_cc_g=yes
ac_cv_search_gethostbyname='none required'
ac_cv_search_putmsg='none required'
ac_cv_search_socket='none required'
ac_cv_sys_file_offset_bits=no
ac_cv_sys_largefile_CC=no
ac_cv_sys_largefile_source=no
ac_cv_target=x86_64-unknown-linux-gnu
ac_cv_type_int16_t=yes
ac_cv_type_int32_t=yes
ac_cv_type_int64_t=yes
ac_cv_type_int8_t=yes
ac_cv_type_u_int16_t=yes
ac_cv_type_u_int32_t=yes
ac_cv_type_u_int64_t=yes
ac_cv_type_u_int8_t=yes
ac_cv_usbdevfs_ctrltransfer_has_bRequestType=yes

## ----------------- ##
## Output variables. ##
## ----------------- ##

ADDLARCHIVEOBJS=''
ADDLOBJS=''
AR='ar'
BT_SRC=''
CANUSB_SRC=''
CAN_SRC='pcap-can-linux.c'
CC='gcc'
CFLAGS='-g -O2'
CPP='gcc -E'
CPPFLAGS=''
DBUS_SRC='pcap-dbus.c'
DEFS='-DHAVE_CONFIG_H'
DEPENDENCY_CFLAG=''
DYEXT='so'
ECHO_C=''
ECHO_N='-n'
ECHO_T=''
EGREP='/usr/bin/grep -E'
EXEEXT=''
GREP='/usr/bin/grep'
HAVE_LINUX_TPACKET_AUXDATA='tp_vlan_tci'
INSTALL_DATA='${INSTALL} -m 644'
INSTALL_PROGRAM='${INSTALL}'
INSTALL_SCRIPT='${INSTALL}'
LDFLAGS=''
LIBOBJS=''
LIBS='-lnl  -ldbus-1  '
LN_S='ln -s'
LTLIBOBJS=''
MAN_FILE_FORMATS='5'
MAN_MISC_INFO='7'
MKDEP=''
NETFILTER_SRC='pcap-netfilter-linux.c'
OBJEXT='o'
PACKAGE_BUGREPORT=''
PACKAGE_NAME=''
PACKAGE_STRING=''
PACKAGE_TARNAME=''
PACKAGE_URL=''
PACKAGE_VERSION=''
PATH_SEPARATOR=':'
PCAP_SUPPORT_BT=''
PCAP_SUPPORT_CAN=''
PCAP_SUPPORT_CANUSB=''
PCAP_SUPPORT_DBUS=''
PCAP_SUPPORT_NETFILTER=''
PCAP_SUPPORT_USB=''
PKGCONFIG='pkg-config'
RANLIB='ranlib'
SHELL='/bin/sh'
SHLICC2=''
SSRC=''
USB_SRC='pcap-usb-linux.c'
V_CCOPT=' -fpic'
V_DEFS=' -D_U_="__attribute__((unused))"'
V_FINDALLDEVS='getad'
V_INCLS=' -I/usr/include/dbus-1.0 -I/usr/lib64/dbus-1.0/include  '
V_LEX='flex -Ppcap_'
V_PCAP='linux'
V_RPATH_OPT='-Wl,-rpath,'
V_SHLIB_CMD='$(CC)'
V_SHLIB_OPT='-shared'
V_SONAME_OPT='-Wl,-soname,'
V_YACC='bison -y -p pcap_'
ac_ct_CC='gcc'
bindir='${exec_prefix}/bin'
build='x86_64-unknown-linux-gnu'
build_alias=''
build_cpu='x86_64'
build_os='linux-gnu'
build_vendor='unknown'
datadir='${datarootdir}'
datarootdir='${prefix}/share'
docdir='${datarootdir}/doc/${PACKAGE}'
dvidir='${docdir}'
exec_prefix='${prefix}'
host='x86_64-unknown-linux-gnu'
host_alias=''
host_cpu='x86_64'
host_os='linux-gnu'
host_vendor='unknown'
htmldir='${docdir}'
includedir='${prefix}/include'
infodir='${datarootdir}/info'
libdir='${exec_prefix}/lib64'
libexecdir='${exec_prefix}/lib'
localedir='${datarootdir}/locale'
localstatedir='${prefix}/var'
mandir='${datarootdir}/man'
oldincludedir='/usr/include'
pdfdir='${docdir}'
prefix='/usr/local'
program_transform_name='s,x,x,'
psdir='${docdir}'
sbindir='${exec_prefix}/sbin'
sharedstatedir='${prefix}/com'
sysconfdir='${prefix}/etc'
target='x86_64-unknown-linux-gnu'
target_alias=''
target_cpu='x86_64'
target_os='linux-gnu'
target_vendor='unknown'

## ----------- ##
## confdefs.h. ##
## ----------- ##

/* confdefs.h */
#define PACKAGE_NAME ""
#define PACKAGE_TARNAME ""
#define PACKAGE_VERSION ""
#define PACKAGE_STRING ""
#define PACKAGE_BUGREPORT ""
#define PACKAGE_URL ""
#define inline inline
#define HAVE___ATTRIBUTE__ 1
#define __ATTRIBUTE___FORMAT_OK 1
#define STDC_HEADERS 1
#define HAVE_SYS_TYPES_H 1
#define HAVE_SYS_STAT_H 1
#define HAVE_STDLIB_H 1
#define HAVE_STRING_H 1
#define HAVE_MEMORY_H 1
#define HAVE_STRINGS_H 1
#define HAVE_INTTYPES_H 1
#define HAVE_STDINT_H 1
#define HAVE_UNISTD_H 1
#define HAVE_SYS_BITYPES_H 1
#define HAVE_FSEEKO 1
#define HAVE_LIMITS_H 1
#define HAVE_PATHS_H 1
#define HAVE_LINUX_TYPES_H 1
#define HAVE_LINUX_IF_PACKET_H 1
#define HAVE_NETPACKET_PACKET_H 1
#define HAVE_NETINET_IF_ETHER_H 1
#define HAVE_STRERROR 1
#define HAVE_VSNPRINTF 1
#define HAVE_SNPRINTF 1
#define HAVE_ETHER_HOSTTON 1
#define HAVE_NETINET_ETHER_H 1
#define NETINET_ETHER_H_DECLARES_ETHER_HOSTTON /**/
#define HAVE_DECL_ETHER_HOSTTON 1
#define HAVE_LINUX_WIRELESS_H 1
#define HAVE_LIBNL 1
#define HAVE_LINUX_ETHTOOL_H 1
#define HAVE_TPACKET_STATS 1
#define HAVE_LINUX_TPACKET_AUXDATA_TP_VLAN_TCI 1
#define HAVE_SOCKLEN_T 1
#define INET6 1
#define HAVE_SOCKADDR_STORAGE 1
#define HAVE_VERSION_H 1
#define PCAP_SUPPORT_USB 1
#define LINUX_USB_MON_DEV "/dev/usbmon"
#define HAVE_LINUX_USBDEVICE_FS_H 1
#define HAVE_USBDEVFS_CTRLTRANSFER_BREQUESTTYPE 1
#define PCAP_SUPPORT_NETFILTER 1
#define PCAP_SUPPORT_CAN 1
#define PCAP_SUPPORT_DBUS 1
#define HAVE_LINUX_NET_TSTAMP_H 1

configure: exit 0

## ---------------------- ##
## Running config.status. ##
## ---------------------- ##

This file was extended by config.status, which was
generated by GNU Autoconf 2.69.  Invocation command line was

  CONFIG_FILES    = 
  CONFIG_HEADERS  = 
  CONFIG_LINKS    = 
  CONFIG_COMMANDS = 
  $ ./config.status --file=pcap-config.tmp:./pcap-config.in

on mt-opensuse.site

config.status:911: creating pcap-config.tmp
